2016-03-04 20:01:41,444 INFO  [Log] **************************************************************************************** 
2016-03-04 20:01:41,444 INFO  [Log] **************************************************************************************** 
2016-03-04 20:01:41,444 INFO  [Log] $$$$$$$$$$$$$$$$$$$$$                 Login_03       $$$$$$$$$$$$$$$$$$$$$$$$$ 
2016-03-04 20:01:41,444 INFO  [Log] **************************************************************************************** 
2016-03-04 20:01:41,444 INFO  [Log] **************************************************************************************** 
2016-03-04 20:01:41,444 INFO  [Log] Opening Browser 
2016-03-04 20:01:44,787 INFO  [Log] Chrome browser started 
2016-03-04 20:01:45,093 INFO  [Log] Navigating to URL 
2016-03-04 20:01:48,958 INFO  [Log] Enter the text username 
2016-03-04 20:01:49,264 INFO  [Log] Enter the text username 
2016-03-04 20:01:49,565 INFO  [Log] Click on WebElementbtn_LogIn 
2016-03-04 20:01:49,895 INFO  [Log] Wait for 10 seconds 
2016-03-04 20:01:50,141 INFO  [Log] Click on settingbtn_Setting 
2016-03-04 20:09:29,739 INFO  [Log] **************************************************************************************** 
2016-03-04 20:09:29,739 INFO  [Log] **************************************************************************************** 
2016-03-04 20:09:29,739 INFO  [Log] $$$$$$$$$$$$$$$$$$$$$                 Login_03       $$$$$$$$$$$$$$$$$$$$$$$$$ 
2016-03-04 20:09:29,739 INFO  [Log] **************************************************************************************** 
2016-03-04 20:09:29,739 INFO  [Log] **************************************************************************************** 
2016-03-04 20:09:29,742 INFO  [Log] Opening Browser 
2016-03-04 20:09:33,221 INFO  [Log] Chrome browser started 
2016-03-04 20:09:33,231 INFO  [Log] XXXXXXXXXXXXXXXXXXXXXXX             -E---N---D-             XXXXXXXXXXXXXXXXXXXXXX 
2016-03-04 20:09:33,231 INFO  [Log] X 
2016-03-04 20:09:33,231 INFO  [Log] X 
2016-03-04 20:09:33,231 INFO  [Log] X 
2016-03-04 20:09:33,231 INFO  [Log] X 
2016-03-04 20:10:45,952 INFO  [Log] **************************************************************************************** 
2016-03-04 20:10:45,952 INFO  [Log] **************************************************************************************** 
2016-03-04 20:10:45,952 INFO  [Log] $$$$$$$$$$$$$$$$$$$$$                 Login_03       $$$$$$$$$$$$$$$$$$$$$$$$$ 
2016-03-04 20:10:45,952 INFO  [Log] **************************************************************************************** 
2016-03-04 20:10:45,952 INFO  [Log] **************************************************************************************** 
2016-03-04 20:10:45,952 INFO  [Log] Opening Browser 
2016-03-04 20:10:49,182 INFO  [Log] Chrome browser started 
2016-03-04 20:10:49,443 INFO  [Log] Navigating to URL 
2016-03-04 20:10:53,404 INFO  [Log] Enter the text username 
2016-03-04 20:10:53,728 INFO  [Log] Enter the text username 
2016-03-04 20:10:54,013 INFO  [Log] Click on WebElementbtn_LogIn 
2016-03-04 20:10:54,213 INFO  [Log] Wait for 10 seconds 
2016-03-04 20:10:54,400 INFO  [Log] Click on settingbtn_Setting 
2016-03-04 20:54:35,605 INFO  [Log] **************************************************************************************** 
2016-03-04 20:54:35,605 INFO  [Log] **************************************************************************************** 
2016-03-04 20:54:35,605 INFO  [Log] $$$$$$$$$$$$$$$$$$$$$                 Login_03       $$$$$$$$$$$$$$$$$$$$$$$$$ 
2016-03-04 20:54:35,605 INFO  [Log] **************************************************************************************** 
2016-03-04 20:54:35,605 INFO  [Log] **************************************************************************************** 
2016-03-04 20:54:35,605 INFO  [Log] Opening Browser 
2016-03-04 20:54:40,357 INFO  [Log] Chrome browser started 
2016-03-04 20:54:40,615 INFO  [Log] Navigating to URL 
2016-03-04 20:54:45,646 INFO  [Log] Enter the text username 
2016-03-04 20:54:45,888 INFO  [Log] Enter the text username 
2016-03-04 20:54:46,223 INFO  [Log] Click on WebElementbtn_LogIn 
2016-03-04 20:54:46,554 INFO  [Log] Wait for 10 seconds 
2016-03-04 21:34:39,095 ERROR [Log] Class Utils | Method getCellData | Exception desc : null 
2016-03-04 21:34:39,095 INFO  [Log] **************************************************************************************** 
2016-03-04 21:34:39,095 INFO  [Log] **************************************************************************************** 
2016-03-04 21:34:39,095 INFO  [Log] $$$$$$$$$$$$$$$$$$$$$                 Login_03       $$$$$$$$$$$$$$$$$$$$$$$$$ 
2016-03-04 21:34:39,095 INFO  [Log] **************************************************************************************** 
2016-03-04 21:34:39,095 INFO  [Log] **************************************************************************************** 
2016-03-04 21:34:39,095 INFO  [Log] Opening Browser 
2016-03-04 21:34:43,222 INFO  [Log] Chrome browser started 
2016-03-04 21:34:43,552 INFO  [Log] Navigating to URL 
2016-03-04 21:34:47,104 INFO  [Log] Enter the text username 
2016-03-04 21:34:47,405 INFO  [Log] Enter the text username 
2016-03-04 21:34:47,639 INFO  [Log] Click on WebElementbtn_LogIn 
2016-03-04 21:34:47,897 INFO  [Log] Wait for 10 seconds 
2016-03-04 21:34:48,044 INFO  [Log] select user 
2016-03-04 21:37:28,113 ERROR [Log] Class Utils | Method getCellData | Exception desc : null 
2016-03-04 21:37:28,113 INFO  [Log] **************************************************************************************** 
2016-03-04 21:37:28,113 INFO  [Log] **************************************************************************************** 
2016-03-04 21:37:28,113 INFO  [Log] $$$$$$$$$$$$$$$$$$$$$                 Login_03       $$$$$$$$$$$$$$$$$$$$$$$$$ 
2016-03-04 21:37:28,113 INFO  [Log] **************************************************************************************** 
2016-03-04 21:37:28,113 INFO  [Log] **************************************************************************************** 
2016-03-04 21:37:28,113 INFO  [Log] Opening Browser 
2016-03-04 21:37:32,055 INFO  [Log] Chrome browser started 
2016-03-04 21:37:32,305 INFO  [Log] Navigating to URL 
2016-03-04 21:37:36,520 INFO  [Log] Enter the text username 
2016-03-04 21:37:36,775 INFO  [Log] Enter the text username 
2016-03-04 21:37:37,094 INFO  [Log] Click on WebElementbtn_LogIn 
2016-03-04 21:37:37,309 INFO  [Log] Wait for 10 seconds 
2016-03-04 21:37:37,439 INFO  [Log] select user 
2016-03-04 21:37:43,833 INFO  [Log] Click on WebElement 
2016-03-04 21:40:19,568 ERROR [Log] Class Utils | Method getCellData | Exception desc : null 
2016-03-04 21:40:19,568 INFO  [Log] **************************************************************************************** 
2016-03-04 21:40:19,568 INFO  [Log] **************************************************************************************** 
2016-03-04 21:40:19,568 INFO  [Log] $$$$$$$$$$$$$$$$$$$$$                 Login_03       $$$$$$$$$$$$$$$$$$$$$$$$$ 
2016-03-04 21:40:19,568 INFO  [Log] **************************************************************************************** 
2016-03-04 21:40:19,568 INFO  [Log] **************************************************************************************** 
2016-03-04 21:40:19,584 INFO  [Log] Opening Browser 
2016-03-04 21:40:22,882 INFO  [Log] Chrome browser started 
2016-03-04 21:40:23,126 INFO  [Log] Navigating to URL 
2016-03-04 21:40:27,362 INFO  [Log] Enter the text username 
2016-03-04 21:40:27,688 INFO  [Log] Enter the text username 
2016-03-04 21:40:27,882 INFO  [Log] Click on WebElementbtn_LogIn 
2016-03-04 21:40:28,147 INFO  [Log] Wait for 10 seconds 
2016-03-04 21:40:28,385 INFO  [Log] Click on WebElementuser_Select 
2016-03-04 21:51:31,181 ERROR [Log] Class Utils | Method getCellData | Exception desc : null 
2016-03-04 21:51:31,181 INFO  [Log] **************************************************************************************** 
2016-03-04 21:51:31,181 INFO  [Log] **************************************************************************************** 
2016-03-04 21:51:31,181 INFO  [Log] $$$$$$$$$$$$$$$$$$$$$                 Login_03       $$$$$$$$$$$$$$$$$$$$$$$$$ 
2016-03-04 21:51:31,181 INFO  [Log] **************************************************************************************** 
2016-03-04 21:51:31,181 INFO  [Log] **************************************************************************************** 
2016-03-04 21:51:31,191 INFO  [Log] Opening Browser 
2016-03-04 21:51:34,547 INFO  [Log] Chrome browser started 
2016-03-04 21:51:34,817 INFO  [Log] Navigating to URL 
2016-03-04 21:51:39,440 INFO  [Log] Enter the text username 
2016-03-04 21:51:39,733 INFO  [Log] Enter the text username 
2016-03-04 21:51:39,982 INFO  [Log] Click on WebElementbtn_LogIn 
2016-03-04 21:51:40,232 INFO  [Log] Wait for 10 seconds 
2016-03-04 21:51:40,358 INFO  [Log] Click on WebElementuser_Select 
2016-03-08 15:10:04,689 ERROR [Log] Class Utils | Method getCellData | Exception desc : null 
2016-03-08 15:10:04,698 INFO  [Log] **************************************************************************************** 
2016-03-08 15:10:04,698 INFO  [Log] **************************************************************************************** 
2016-03-08 15:10:04,699 INFO  [Log] $$$$$$$$$$$$$$$$$$$$$                 Login_03       $$$$$$$$$$$$$$$$$$$$$$$$$ 
2016-03-08 15:10:04,699 INFO  [Log] **************************************************************************************** 
2016-03-08 15:10:04,699 INFO  [Log] **************************************************************************************** 
2016-03-08 15:10:04,701 INFO  [Log] Opening Browser 
2016-03-08 15:10:15,676 INFO  [Log] Chrome browser started 
2016-03-08 15:10:16,155 INFO  [Log] Navigating to URL 
2016-03-08 15:10:20,154 INFO  [Log] Enter the text username 
2016-03-08 15:10:20,464 INFO  [Log] Enter the text username 
2016-03-08 15:10:20,793 INFO  [Log] Click on WebElementbtn_LogIn 
2016-03-08 15:11:14,829 ERROR [Log] Class Utils | Method getCellData | Exception desc : null 
2016-03-08 15:11:14,830 INFO  [Log] **************************************************************************************** 
2016-03-08 15:11:14,830 INFO  [Log] **************************************************************************************** 
2016-03-08 15:11:14,831 INFO  [Log] $$$$$$$$$$$$$$$$$$$$$                 Login_03       $$$$$$$$$$$$$$$$$$$$$$$$$ 
2016-03-08 15:11:14,831 INFO  [Log] **************************************************************************************** 
2016-03-08 15:11:14,831 INFO  [Log] **************************************************************************************** 
2016-03-08 15:11:14,833 INFO  [Log] Opening Browser 
2016-03-08 15:11:19,181 INFO  [Log] Chrome browser started 
2016-03-08 15:11:19,411 INFO  [Log] Navigating to URL 
2016-03-08 15:11:23,961 INFO  [Log] Enter the text username 
2016-03-08 15:11:24,273 INFO  [Log] Enter the text username 
2016-03-08 15:11:24,483 INFO  [Log] Click on WebElementbtn_LogIn 
2016-03-08 15:12:55,380 ERROR [Log] Class Utils | Method getCellData | Exception desc : null 
2016-03-08 15:12:55,380 INFO  [Log] **************************************************************************************** 
2016-03-08 15:12:55,380 INFO  [Log] **************************************************************************************** 
2016-03-08 15:12:55,380 INFO  [Log] $$$$$$$$$$$$$$$$$$$$$                 Login_03       $$$$$$$$$$$$$$$$$$$$$$$$$ 
2016-03-08 15:12:55,380 INFO  [Log] **************************************************************************************** 
2016-03-08 15:12:55,380 INFO  [Log] **************************************************************************************** 
2016-03-08 15:12:55,390 INFO  [Log] Opening Browser 
2016-03-08 15:12:59,495 INFO  [Log] Chrome browser started 
2016-03-08 15:12:59,735 INFO  [Log] Navigating to URL 
2016-03-08 15:13:04,162 INFO  [Log] Enter the text username 
2016-03-08 15:13:04,426 INFO  [Log] Enter the text username 
2016-03-08 15:13:04,794 INFO  [Log] Click on WebElementbtn_LogIn 
2016-03-08 15:14:48,816 ERROR [Log] Class Utils | Method getCellData | Exception desc : null 
2016-03-08 15:14:48,816 INFO  [Log] **************************************************************************************** 
2016-03-08 15:14:48,816 INFO  [Log] **************************************************************************************** 
2016-03-08 15:14:48,816 INFO  [Log] $$$$$$$$$$$$$$$$$$$$$                 Login_03       $$$$$$$$$$$$$$$$$$$$$$$$$ 
2016-03-08 15:14:48,816 INFO  [Log] **************************************************************************************** 
2016-03-08 15:14:48,816 INFO  [Log] **************************************************************************************** 
2016-03-08 15:14:48,826 INFO  [Log] Opening Browser 
2016-03-08 15:14:52,671 INFO  [Log] Chrome browser started 
2016-03-08 15:14:52,921 INFO  [Log] Navigating to URL 
2016-03-08 15:14:56,881 INFO  [Log] Enter the text username 
2016-03-08 15:14:57,195 INFO  [Log] Enter the text username 
2016-03-08 15:14:57,384 INFO  [Log] Click on WebElementbtn_LogIn 
2016-03-08 15:19:55,919 ERROR [Log] Class Utils | Method getCellData | Exception desc : null 
2016-03-08 15:19:55,919 INFO  [Log] **************************************************************************************** 
2016-03-08 15:19:55,919 INFO  [Log] **************************************************************************************** 
2016-03-08 15:19:55,919 INFO  [Log] $$$$$$$$$$$$$$$$$$$$$                 Login_03       $$$$$$$$$$$$$$$$$$$$$$$$$ 
2016-03-08 15:19:55,919 INFO  [Log] **************************************************************************************** 
2016-03-08 15:19:55,919 INFO  [Log] **************************************************************************************** 
2016-03-08 15:19:55,919 INFO  [Log] Opening Browser 
2016-03-08 15:19:59,469 INFO  [Log] Chrome browser started 
2016-03-08 15:19:59,719 INFO  [Log] Navigating to URL 
2016-03-08 15:20:04,650 INFO  [Log] Enter the text username 
2016-03-08 15:20:04,984 INFO  [Log] Enter the text username 
2016-03-08 15:20:05,229 INFO  [Log] Click on WebElementbtn_LogIn 
2016-03-08 15:26:03,703 ERROR [Log] Class Utils | Method getCellData | Exception desc : null 
2016-03-08 15:26:03,703 INFO  [Log] **************************************************************************************** 
2016-03-08 15:26:03,703 INFO  [Log] **************************************************************************************** 
2016-03-08 15:26:03,703 INFO  [Log] $$$$$$$$$$$$$$$$$$$$$                 Login_03       $$$$$$$$$$$$$$$$$$$$$$$$$ 
2016-03-08 15:26:03,703 INFO  [Log] **************************************************************************************** 
2016-03-08 15:26:03,703 INFO  [Log] **************************************************************************************** 
2016-03-08 15:26:20,646 INFO  [Log] Opening Browser 
2016-03-08 15:26:28,369 INFO  [Log] Chrome browser started 
2016-03-08 15:27:24,242 INFO  [Log] Navigating to URL 
2016-03-08 15:27:57,272 INFO  [Log] Enter the text username 
2016-03-08 15:31:24,102 ERROR [Log] Class Utils | Method getCellData | Exception desc : null 
2016-03-08 15:31:24,102 INFO  [Log] **************************************************************************************** 
2016-03-08 15:31:24,102 INFO  [Log] **************************************************************************************** 
2016-03-08 15:31:24,102 INFO  [Log] $$$$$$$$$$$$$$$$$$$$$                 Login_03       $$$$$$$$$$$$$$$$$$$$$$$$$ 
2016-03-08 15:31:24,102 INFO  [Log] **************************************************************************************** 
2016-03-08 15:31:24,102 INFO  [Log] **************************************************************************************** 
2016-03-08 15:31:24,102 INFO  [Log] Opening Browser 
2016-03-08 15:31:43,742 INFO  [Log] Mozilla browser started 
2016-03-08 15:31:48,594 INFO  [Log] Navigating to URL 
2016-03-08 15:31:54,345 INFO  [Log] Enter the text username 
2016-03-08 15:31:55,010 INFO  [Log] Enter the text username 
2016-03-08 15:31:55,797 INFO  [Log] Click on WebElementbtn_LogIn 
2016-03-08 15:32:03,999 ERROR [Log] Class Utils | Method getCellData | Exception desc : null 
2016-03-08 15:32:03,999 ERROR [Log] Class Utils | Method getCellData | Exception desc : null 
2016-03-08 15:32:03,999 ERROR [Log] Class Utils | Method getCellData | Exception desc : null 
2016-03-08 15:32:04,120 INFO  [Log] XXXXXXXXXXXXXXXXXXXXXXX             -E---N---D-             XXXXXXXXXXXXXXXXXXXXXX 
2016-03-08 15:32:04,120 INFO  [Log] X 
2016-03-08 15:32:04,120 INFO  [Log] X 
2016-03-08 15:32:04,120 INFO  [Log] X 
2016-03-08 15:32:04,120 INFO  [Log] X 
2016-03-08 15:33:11,473 ERROR [Log] Class Utils | Method getCellData | Exception desc : null 
2016-03-08 15:33:11,473 INFO  [Log] **************************************************************************************** 
2016-03-08 15:33:11,473 INFO  [Log] **************************************************************************************** 
2016-03-08 15:33:11,473 INFO  [Log] $$$$$$$$$$$$$$$$$$$$$                 Login_03       $$$$$$$$$$$$$$$$$$$$$$$$$ 
2016-03-08 15:33:11,473 INFO  [Log] **************************************************************************************** 
2016-03-08 15:33:11,473 INFO  [Log] **************************************************************************************** 
2016-03-08 15:33:11,483 INFO  [Log] Opening Browser 
2016-03-08 15:33:28,236 INFO  [Log] Mozilla browser started 
2016-03-08 15:33:36,514 INFO  [Log] Navigating to URL 
2016-03-08 15:33:39,308 INFO  [Log] Enter the text username 
2016-03-08 15:33:39,854 INFO  [Log] Enter the text username 
2016-03-08 15:33:40,703 INFO  [Log] Click on WebElementbtn_LogIn 
2016-03-08 15:42:55,624 ERROR [Log] Class Utils | Method getCellData | Exception desc : null 
2016-03-08 15:42:55,624 INFO  [Log] **************************************************************************************** 
2016-03-08 15:42:55,624 INFO  [Log] **************************************************************************************** 
2016-03-08 15:42:55,624 INFO  [Log] $$$$$$$$$$$$$$$$$$$$$                 Login_03       $$$$$$$$$$$$$$$$$$$$$$$$$ 
2016-03-08 15:42:55,624 INFO  [Log] **************************************************************************************** 
2016-03-08 15:42:55,624 INFO  [Log] **************************************************************************************** 
2016-03-08 15:42:55,624 INFO  [Log] Opening Browser 
2016-03-08 15:43:08,359 INFO  [Log] Mozilla browser started 
2016-03-08 15:43:16,234 INFO  [Log] Navigating to URL 
2016-03-08 15:43:19,068 INFO  [Log] Enter the text username 
2016-03-08 15:43:19,418 INFO  [Log] Enter the text username 
2016-03-08 15:43:20,214 INFO  [Log] Click on WebElementbtn_LogIn 
2016-03-08 15:43:28,254 INFO  [Log] Wait for 10 seconds 
2016-03-08 15:43:28,461 INFO  [Log] Click on WebElementbtn_options 
2016-03-08 15:43:28,867 INFO  [Log] Click on WebElementbtn_cockpit 
2016-03-08 15:43:34,210 INFO  [Log] Wait for 10 seconds 
2016-03-08 15:43:37,038 INFO  [Log] Click on WebElementbtn_orderType 
2016-03-08 15:43:39,518 ERROR [Log] Class Utils | Method getCellData | Exception desc : null 
2016-03-08 15:43:39,518 INFO  [Log] Click on WebElementselect_Food 
2016-03-08 15:43:39,909 INFO  [Log] Close Browser 
2016-03-08 15:43:42,142 INFO  [Log] XXXXXXXXXXXXXXXXXXXXXXX             -E---N---D-             XXXXXXXXXXXXXXXXXXXXXX 
2016-03-08 15:43:42,142 INFO  [Log] X 
2016-03-08 15:43:42,142 INFO  [Log] X 
2016-03-08 15:43:42,142 INFO  [Log] X 
2016-03-08 15:43:42,142 INFO  [Log] X 
2016-03-08 15:45:25,447 ERROR [Log] Class Utils | Method getCellData | Exception desc : null 
2016-03-08 15:45:25,463 INFO  [Log] **************************************************************************************** 
2016-03-08 15:45:25,463 INFO  [Log] **************************************************************************************** 
2016-03-08 15:45:25,463 INFO  [Log] $$$$$$$$$$$$$$$$$$$$$                 Login_03       $$$$$$$$$$$$$$$$$$$$$$$$$ 
2016-03-08 15:45:25,463 INFO  [Log] **************************************************************************************** 
2016-03-08 15:45:25,463 INFO  [Log] **************************************************************************************** 
2016-03-08 15:45:25,463 INFO  [Log] Opening Browser 
2016-03-08 15:45:38,309 INFO  [Log] Mozilla browser started 
2016-03-08 15:45:44,574 INFO  [Log] XXXXXXXXXXXXXXXXXXXXXXX             -E---N---D-             XXXXXXXXXXXXXXXXXXXXXX 
2016-03-08 15:45:44,574 INFO  [Log] X 
2016-03-08 15:45:44,574 INFO  [Log] X 
2016-03-08 15:45:44,575 INFO  [Log] X 
2016-03-08 15:45:44,575 INFO  [Log] X 
2016-03-08 15:45:59,064 ERROR [Log] Class Utils | Method getCellData | Exception desc : null 
2016-03-08 15:45:59,064 INFO  [Log] **************************************************************************************** 
2016-03-08 15:45:59,064 INFO  [Log] **************************************************************************************** 
2016-03-08 15:45:59,064 INFO  [Log] $$$$$$$$$$$$$$$$$$$$$                 Login_03       $$$$$$$$$$$$$$$$$$$$$$$$$ 
2016-03-08 15:45:59,064 INFO  [Log] **************************************************************************************** 
2016-03-08 15:45:59,064 INFO  [Log] **************************************************************************************** 
2016-03-08 15:45:59,064 INFO  [Log] Opening Browser 
2016-03-08 15:46:09,514 INFO  [Log] Mozilla browser started 
2016-03-08 15:46:16,274 INFO  [Log] Navigating to URL 
2016-03-08 15:46:19,256 INFO  [Log] Enter the text username 
2016-03-08 15:46:19,741 INFO  [Log] Enter the text username 
2016-03-08 15:46:20,551 INFO  [Log] Click on WebElementbtn_LogIn 
2016-03-08 15:46:28,504 INFO  [Log] Wait for 10 seconds 
2016-03-08 15:46:28,691 INFO  [Log] Click on WebElementbtn_options 
2016-03-08 15:46:29,050 INFO  [Log] Click on WebElementbtn_cockpit 
2016-03-08 15:46:29,659 INFO  [Log] Wait for 10 seconds 
2016-03-08 15:46:33,992 INFO  [Log] Click on WebElementbtn_orderType 
2016-03-08 15:46:34,468 ERROR [Log] Class Utils | Method getCellData | Exception desc : null 
2016-03-08 15:46:34,468 INFO  [Log] Click on WebElementselect_Food 
2016-03-08 15:47:28,271 ERROR [Log] Class Utils | Method getCellData | Exception desc : null 
2016-03-08 15:47:28,271 INFO  [Log] **************************************************************************************** 
2016-03-08 15:47:28,271 INFO  [Log] **************************************************************************************** 
2016-03-08 15:47:28,271 INFO  [Log] $$$$$$$$$$$$$$$$$$$$$                 Login_03       $$$$$$$$$$$$$$$$$$$$$$$$$ 
2016-03-08 15:47:28,271 INFO  [Log] **************************************************************************************** 
2016-03-08 15:47:28,271 INFO  [Log] **************************************************************************************** 
2016-03-08 15:47:28,271 INFO  [Log] Opening Browser 
2016-03-08 15:47:39,277 INFO  [Log] Mozilla browser started 
2016-03-08 15:47:46,005 INFO  [Log] Navigating to URL 
2016-03-08 15:47:46,619 INFO  [Log] Enter the text username 
2016-03-08 15:48:18,655 ERROR [Log] Class Utils | Method getCellData | Exception desc : null 
2016-03-08 15:48:18,655 INFO  [Log] **************************************************************************************** 
2016-03-08 15:48:18,655 INFO  [Log] **************************************************************************************** 
2016-03-08 15:48:18,655 INFO  [Log] $$$$$$$$$$$$$$$$$$$$$                 Login_03       $$$$$$$$$$$$$$$$$$$$$$$$$ 
2016-03-08 15:48:18,655 INFO  [Log] **************************************************************************************** 
2016-03-08 15:48:18,655 INFO  [Log] **************************************************************************************** 
2016-03-08 15:48:18,655 INFO  [Log] Opening Browser 
2016-03-08 15:48:29,743 INFO  [Log] Mozilla browser started 
2016-03-08 15:48:36,464 INFO  [Log] Navigating to URL 
2016-03-08 15:48:39,182 INFO  [Log] Enter the text username 
2016-03-08 15:48:39,718 INFO  [Log] Enter the text username 
2016-03-08 15:48:40,605 INFO  [Log] Click on WebElementbtn_LogIn 
2016-03-08 15:48:48,457 INFO  [Log] Wait for 10 seconds 
2016-03-08 15:48:48,613 INFO  [Log] Click on WebElementbtn_options 
2016-03-08 15:48:49,037 INFO  [Log] Click on WebElementbtn_cockpit 
2016-03-08 15:48:49,671 INFO  [Log] Wait for 10 seconds 
2016-03-08 15:48:54,974 INFO  [Log] Click on WebElementbtn_orderType 
2016-03-08 15:48:55,490 ERROR [Log] Class Utils | Method getCellData | Exception desc : null 
2016-03-08 15:48:55,490 INFO  [Log] Click on WebElementselect_Food 
2016-03-08 15:48:56,025 INFO  [Log] Close Browser 
2016-03-08 15:48:57,508 INFO  [Log] XXXXXXXXXXXXXXXXXXXXXXX             -E---N---D-             XXXXXXXXXXXXXXXXXXXXXX 
2016-03-08 15:48:57,508 INFO  [Log] X 
2016-03-08 15:48:57,508 INFO  [Log] X 
2016-03-08 15:48:57,508 INFO  [Log] X 
2016-03-08 15:48:57,508 INFO  [Log] X 
2016-03-08 15:51:19,963 ERROR [Log] Class Utils | Method getCellData | Exception desc : null 
2016-03-08 15:51:19,963 INFO  [Log] **************************************************************************************** 
2016-03-08 15:51:19,963 INFO  [Log] **************************************************************************************** 
2016-03-08 15:51:19,963 INFO  [Log] $$$$$$$$$$$$$$$$$$$$$                 Login_03       $$$$$$$$$$$$$$$$$$$$$$$$$ 
2016-03-08 15:51:19,963 INFO  [Log] **************************************************************************************** 
2016-03-08 15:51:19,963 INFO  [Log] **************************************************************************************** 
2016-03-08 15:51:19,963 INFO  [Log] Opening Browser 
2016-03-08 15:51:30,972 INFO  [Log] Mozilla browser started 
2016-03-08 15:51:33,284 INFO  [Log] Navigating to URL 
2016-03-08 15:51:37,712 INFO  [Log] Enter the text username 
2016-03-08 15:53:27,917 ERROR [Log] Class Utils | Method getCellData | Exception desc : null 
2016-03-08 15:53:27,917 INFO  [Log] **************************************************************************************** 
2016-03-08 15:53:27,917 INFO  [Log] **************************************************************************************** 
2016-03-08 15:53:27,917 INFO  [Log] $$$$$$$$$$$$$$$$$$$$$                 Login_03       $$$$$$$$$$$$$$$$$$$$$$$$$ 
2016-03-08 15:53:27,917 INFO  [Log] **************************************************************************************** 
2016-03-08 15:53:27,917 INFO  [Log] **************************************************************************************** 
2016-03-08 15:53:27,917 INFO  [Log] Opening Browser 
2016-03-08 15:53:39,447 INFO  [Log] Mozilla browser started 
2016-03-08 15:53:42,498 INFO  [Log] Navigating to URL 
2016-03-08 15:53:49,478 INFO  [Log] Enter the text username 
2016-03-08 15:53:50,054 INFO  [Log] Enter the text username 
2016-03-08 15:53:50,809 INFO  [Log] Click on WebElementbtn_LogIn 
2016-03-08 15:53:59,252 INFO  [Log] Wait for 10 seconds 
2016-03-08 15:53:59,449 INFO  [Log] Click on WebElementbtn_options 
2016-03-08 15:53:59,971 INFO  [Log] Click on WebElementbtn_cockpit 
2016-03-08 15:54:00,731 INFO  [Log] Wait for 10 seconds 
2016-03-08 15:54:05,917 INFO  [Log] Click on WebElementbtn_orderType 
2016-03-08 15:58:37,208 ERROR [Log] Class Utils | Method getCellData | Exception desc : null 
2016-03-08 15:58:37,208 INFO  [Log] **************************************************************************************** 
2016-03-08 15:58:37,208 INFO  [Log] **************************************************************************************** 
2016-03-08 15:58:37,208 INFO  [Log] $$$$$$$$$$$$$$$$$$$$$                 Login_03       $$$$$$$$$$$$$$$$$$$$$$$$$ 
2016-03-08 15:58:37,208 INFO  [Log] **************************************************************************************** 
2016-03-08 15:58:37,208 INFO  [Log] **************************************************************************************** 
2016-03-08 15:58:37,208 INFO  [Log] Opening Browser 
2016-03-08 15:58:47,974 INFO  [Log] Mozilla browser started 
2016-03-08 15:58:57,863 INFO  [Log] Navigating to URL 
2016-03-08 15:59:01,524 INFO  [Log] Enter the text username 
2016-03-08 15:59:01,914 INFO  [Log] Enter the text username 
2016-03-08 15:59:02,699 INFO  [Log] Click on WebElementbtn_LogIn 
2016-03-08 15:59:12,556 INFO  [Log] Wait for 10 seconds 
2016-03-08 15:59:12,680 INFO  [Log] Click on WebElementbtn_options 
2016-03-08 15:59:13,102 INFO  [Log] Click on WebElementbtn_cockpit 
2016-03-08 15:59:13,882 INFO  [Log] Wait for 10 seconds 
2016-03-08 15:59:19,515 INFO  [Log] Click on WebElementbtn_orderType 
2016-03-08 15:59:19,884 ERROR [Log] Class Utils | Method getCellData | Exception desc : null 
2016-03-08 15:59:19,884 INFO  [Log] Click on WebElementselect_Food 
2016-03-08 15:59:20,225 INFO  [Log] Close Browser 
2016-03-08 15:59:22,150 INFO  [Log] XXXXXXXXXXXXXXXXXXXXXXX             -E---N---D-             XXXXXXXXXXXXXXXXXXXXXX 
2016-03-08 15:59:22,150 INFO  [Log] X 
2016-03-08 15:59:22,150 INFO  [Log] X 
2016-03-08 15:59:22,150 INFO  [Log] X 
2016-03-08 15:59:22,150 INFO  [Log] X 
2016-03-08 16:04:37,802 ERROR [Log] Class Utils | Method getCellData | Exception desc : null 
2016-03-08 16:04:37,802 INFO  [Log] **************************************************************************************** 
2016-03-08 16:04:37,802 INFO  [Log] **************************************************************************************** 
2016-03-08 16:04:37,802 INFO  [Log] $$$$$$$$$$$$$$$$$$$$$                 Login_03       $$$$$$$$$$$$$$$$$$$$$$$$$ 
2016-03-08 16:04:37,802 INFO  [Log] **************************************************************************************** 
2016-03-08 16:04:37,802 INFO  [Log] **************************************************************************************** 
2016-03-08 16:04:40,737 INFO  [Log] Opening Browser 
2016-03-08 16:04:55,391 INFO  [Log] Mozilla browser started 
2016-03-08 16:05:36,891 INFO  [Log] Navigating to URL 
2016-03-08 16:06:05,296 INFO  [Log] Enter the text username 
2016-03-08 16:06:31,813 INFO  [Log] Enter the text username 
2016-03-08 16:06:44,744 INFO  [Log] Click on WebElementbtn_LogIn 
2016-03-08 16:07:13,913 INFO  [Log] Wait for 10 seconds 
2016-03-08 16:07:21,973 INFO  [Log] Click on WebElementbtn_options 
2016-03-08 16:07:35,578 INFO  [Log] Click on WebElementbtn_cockpit 
2016-03-08 16:07:50,550 INFO  [Log] Wait for 10 seconds 
2016-03-08 16:08:12,144 INFO  [Log] Click on WebElementbtn_orderType 
2016-03-08 16:08:36,683 ERROR [Log] Class Utils | Method getCellData | Exception desc : null 
2016-03-08 16:08:38,788 INFO  [Log] Click on WebElementselect_Food 
2016-03-08 16:09:09,195 INFO  [Log] Close Browser 
2016-03-08 17:05:00,589 ERROR [Log] Class Utils | Method getCellData | Exception desc : null 
2016-03-08 17:05:00,590 INFO  [Log] **************************************************************************************** 
2016-03-08 17:05:00,590 INFO  [Log] **************************************************************************************** 
2016-03-08 17:05:00,590 INFO  [Log] $$$$$$$$$$$$$$$$$$$$$                 Login_03       $$$$$$$$$$$$$$$$$$$$$$$$$ 
2016-03-08 17:05:00,590 INFO  [Log] **************************************************************************************** 
2016-03-08 17:05:00,590 INFO  [Log] **************************************************************************************** 
2016-03-08 17:05:00,591 INFO  [Log] Opening Browser 
2016-03-08 17:05:11,548 INFO  [Log] Mozilla browser started 
2016-03-08 17:05:18,352 INFO  [Log] Navigating to URL 
2016-03-08 17:05:24,393 INFO  [Log] Enter the text username 
2016-03-08 17:05:24,714 INFO  [Log] Enter the text username 
2016-03-08 17:05:25,548 INFO  [Log] Click on WebElementbtn_LogIn 
2016-03-08 17:05:33,206 INFO  [Log] Wait for 10 seconds 
2016-03-08 17:05:33,496 INFO  [Log] Click on WebElementbtn_options 
2016-03-08 17:05:33,942 INFO  [Log] Click on WebElementbtn_cockpit 
2016-03-08 17:05:34,490 INFO  [Log] Wait for 10 seconds 
2016-03-08 17:05:38,158 INFO  [Log] Click on WebElementbtn_orderType 
2016-03-08 17:05:38,653 ERROR [Log] Class Utils | Method getCellData | Exception desc : null 
2016-03-08 17:05:38,653 INFO  [Log] Click on WebElementselect_Food 
2016-03-08 17:07:59,074 ERROR [Log] Class Utils | Method getCellData | Exception desc : null 
2016-03-08 17:07:59,074 INFO  [Log] **************************************************************************************** 
2016-03-08 17:07:59,074 INFO  [Log] **************************************************************************************** 
2016-03-08 17:07:59,074 INFO  [Log] $$$$$$$$$$$$$$$$$$$$$                 Login_03       $$$$$$$$$$$$$$$$$$$$$$$$$ 
2016-03-08 17:07:59,074 INFO  [Log] **************************************************************************************** 
2016-03-08 17:07:59,074 INFO  [Log] **************************************************************************************** 
2016-03-08 17:07:59,074 INFO  [Log] Opening Browser 
2016-03-08 17:08:10,112 INFO  [Log] Mozilla browser started 
2016-03-08 17:08:19,489 INFO  [Log] Navigating to URL 
2016-03-08 17:08:22,282 INFO  [Log] Enter the text username 
2016-03-08 17:08:22,625 INFO  [Log] Enter the text username 
2016-03-08 17:08:23,389 INFO  [Log] Click on WebElementbtn_LogIn 
2016-03-08 17:08:30,321 INFO  [Log] Wait for 10 seconds 
2016-03-08 17:08:30,430 INFO  [Log] Click on WebElementbtn_options 
2016-03-08 17:08:30,804 INFO  [Log] Click on WebElementbtn_cockpit 
2016-03-08 17:08:31,688 INFO  [Log] Wait for 10 seconds 
2016-03-08 17:08:34,309 INFO  [Log] Click on WebElementbtn_orderType 
2016-03-08 17:08:36,325 ERROR [Log] Class Utils | Method getCellData | Exception desc : null 
2016-03-08 17:08:36,325 INFO  [Log] Click on WebElementselect_Food 
2016-03-08 17:08:36,658 INFO  [Log] Close Browser 
2016-03-08 17:08:37,945 INFO  [Log] XXXXXXXXXXXXXXXXXXXXXXX             -E---N---D-             XXXXXXXXXXXXXXXXXXXXXX 
2016-03-08 17:08:37,945 INFO  [Log] X 
2016-03-08 17:08:37,945 INFO  [Log] X 
2016-03-08 17:08:37,945 INFO  [Log] X 
2016-03-08 17:08:37,945 INFO  [Log] X 
2016-03-08 17:10:49,883 ERROR [Log] Class Utils | Method getCellData | Exception desc : null 
2016-03-08 17:10:49,883 INFO  [Log] **************************************************************************************** 
2016-03-08 17:10:49,883 INFO  [Log] **************************************************************************************** 
2016-03-08 17:10:49,883 INFO  [Log] $$$$$$$$$$$$$$$$$$$$$                 Login_03       $$$$$$$$$$$$$$$$$$$$$$$$$ 
2016-03-08 17:10:49,883 INFO  [Log] **************************************************************************************** 
2016-03-08 17:10:49,883 INFO  [Log] **************************************************************************************** 
2016-03-08 17:10:49,883 INFO  [Log] Opening Browser 
2016-03-08 17:11:00,371 INFO  [Log] Mozilla browser started 
2016-03-08 17:11:06,893 INFO  [Log] Navigating to URL 
2016-03-08 17:11:10,801 INFO  [Log] Enter the text username 
2016-03-08 17:11:11,401 INFO  [Log] Enter the text username 
2016-03-08 17:11:12,204 INFO  [Log] Click on WebElementbtn_LogIn 
2016-03-08 17:11:19,594 INFO  [Log] Wait for 10 seconds 
2016-03-08 17:11:19,735 INFO  [Log] Click on WebElementbtn_options 
2016-03-08 17:11:20,094 INFO  [Log] Click on WebElementbtn_cockpit 
2016-03-08 17:11:20,796 INFO  [Log] Wait for 10 seconds 
2016-03-08 17:11:24,711 INFO  [Log] Click on WebElementbtn_orderType 
2016-03-08 17:11:25,153 ERROR [Log] Class Utils | Method getCellData | Exception desc : null 
2016-03-08 17:11:25,153 INFO  [Log] Click on WebElementselect_Food 
2016-03-08 17:11:25,522 INFO  [Log] Close Browser 
2016-03-08 17:11:27,039 INFO  [Log] XXXXXXXXXXXXXXXXXXXXXXX             -E---N---D-             XXXXXXXXXXXXXXXXXXXXXX 
2016-03-08 17:11:27,039 INFO  [Log] X 
2016-03-08 17:11:27,039 INFO  [Log] X 
2016-03-08 17:11:27,039 INFO  [Log] X 
2016-03-08 17:11:27,039 INFO  [Log] X 
2016-03-08 17:35:25,730 ERROR [Log] Class Utils | Method getCellData | Exception desc : null 
2016-03-08 17:35:25,730 INFO  [Log] **************************************************************************************** 
2016-03-08 17:35:25,730 INFO  [Log] **************************************************************************************** 
2016-03-08 17:35:25,730 INFO  [Log] $$$$$$$$$$$$$$$$$$$$$                 Login_03       $$$$$$$$$$$$$$$$$$$$$$$$$ 
2016-03-08 17:35:25,730 INFO  [Log] **************************************************************************************** 
2016-03-08 17:35:25,730 INFO  [Log] **************************************************************************************** 
2016-03-08 17:35:25,730 INFO  [Log] Opening Browser 
2016-03-08 17:35:36,941 INFO  [Log] Mozilla browser started 
2016-03-08 17:35:41,508 INFO  [Log] Navigating to URL 
2016-03-08 17:35:48,714 INFO  [Log] Enter the text username 
2016-03-08 17:35:49,073 INFO  [Log] Enter the text username 
2016-03-08 17:35:49,874 INFO  [Log] Click on WebElementbtn_LogIn 
2016-03-08 17:35:56,080 INFO  [Log] Wait for 10 seconds 
2016-03-08 17:35:57,172 INFO  [Log] Click on WebElementbtn_options 
2016-03-08 17:35:57,531 INFO  [Log] Click on WebElementbtn_cockpit 
2016-03-08 17:35:58,124 INFO  [Log] Wait for 10 seconds 
2016-03-08 17:36:25,572 ERROR [Log] Class Utils | Method getCellData | Exception desc : null 
2016-03-08 17:36:25,572 INFO  [Log] **************************************************************************************** 
2016-03-08 17:36:25,572 INFO  [Log] **************************************************************************************** 
2016-03-08 17:36:25,572 INFO  [Log] $$$$$$$$$$$$$$$$$$$$$                 Login_03       $$$$$$$$$$$$$$$$$$$$$$$$$ 
2016-03-08 17:36:25,572 INFO  [Log] **************************************************************************************** 
2016-03-08 17:36:25,572 INFO  [Log] **************************************************************************************** 
2016-03-08 17:36:25,572 INFO  [Log] Opening Browser 
2016-03-08 17:36:37,200 INFO  [Log] Mozilla browser started 
2016-03-08 17:36:45,686 INFO  [Log] Navigating to URL 
2016-03-08 17:37:22,869 INFO  [Log] Enter the text username 
2016-03-08 17:37:23,197 INFO  [Log] Enter the text username 
2016-03-08 17:37:23,977 INFO  [Log] Click on WebElementbtn_LogIn 
2016-03-08 17:37:30,825 INFO  [Log] Wait for 10 seconds 
2016-03-08 17:37:31,077 INFO  [Log] Click on WebElementbtn_options 
2016-03-08 17:37:31,747 INFO  [Log] Click on WebElementbtn_cockpit 
2016-03-08 17:37:32,122 INFO  [Log] Wait for 10 seconds 
2016-03-08 17:43:46,393 ERROR [Log] Class Utils | Method getCellData | Exception desc : null 
2016-03-08 17:43:46,409 INFO  [Log] **************************************************************************************** 
2016-03-08 17:43:46,409 INFO  [Log] **************************************************************************************** 
2016-03-08 17:43:46,409 INFO  [Log] $$$$$$$$$$$$$$$$$$$$$                 Login_03       $$$$$$$$$$$$$$$$$$$$$$$$$ 
2016-03-08 17:43:46,409 INFO  [Log] **************************************************************************************** 
2016-03-08 17:43:46,409 INFO  [Log] **************************************************************************************** 
2016-03-08 17:43:46,409 INFO  [Log] Opening Browser 
2016-03-08 17:43:58,092 INFO  [Log] Mozilla browser started 
2016-03-08 17:44:00,251 INFO  [Log] Navigating to URL 
2016-03-08 17:44:02,334 INFO  [Log] Enter the text username 
2016-03-08 17:44:05,036 INFO  [Log] Enter the text username 
2016-03-08 17:44:05,845 INFO  [Log] Click on WebElementbtn_LogIn 
2016-03-08 17:44:13,150 INFO  [Log] Wait for 10 seconds 
2016-03-08 17:44:13,306 INFO  [Log] Click on WebElementbtn_options 
2016-03-08 17:44:13,696 INFO  [Log] Click on WebElementbtn_cockpit 
2016-03-08 17:44:14,538 INFO  [Log] Wait for 10 seconds 
2016-03-08 17:50:40,978 ERROR [Log] Class Utils | Method getCellData | Exception desc : null 
2016-03-08 17:50:40,978 INFO  [Log] **************************************************************************************** 
2016-03-08 17:50:40,978 INFO  [Log] **************************************************************************************** 
2016-03-08 17:50:40,978 INFO  [Log] $$$$$$$$$$$$$$$$$$$$$                 Login_03       $$$$$$$$$$$$$$$$$$$$$$$$$ 
2016-03-08 17:50:40,978 INFO  [Log] **************************************************************************************** 
2016-03-08 17:50:40,978 INFO  [Log] **************************************************************************************** 
2016-03-08 17:50:40,978 INFO  [Log] Opening Browser 
2016-03-08 17:50:51,943 INFO  [Log] Mozilla browser started 
2016-03-08 17:50:59,679 INFO  [Log] Navigating to URL 
2016-03-08 17:51:03,409 INFO  [Log] Enter the text username 
2016-03-08 17:51:03,813 INFO  [Log] Enter the text username 
2016-03-08 17:51:04,642 INFO  [Log] Click on WebElementbtn_LogIn 
2016-03-08 17:51:11,812 INFO  [Log] Wait for 10 seconds 
2016-03-08 17:51:11,984 INFO  [Log] Click on WebElementbtn_options 
2016-03-08 17:51:12,312 INFO  [Log] Click on WebElementbtn_cockpit 
2016-03-08 17:51:12,951 INFO  [Log] Wait for 10 seconds 
2016-03-08 17:52:06,812 ERROR [Log] Class Utils | Method getCellData | Exception desc : null 
2016-03-08 17:52:06,812 INFO  [Log] **************************************************************************************** 
2016-03-08 17:52:06,812 INFO  [Log] **************************************************************************************** 
2016-03-08 17:52:06,812 INFO  [Log] $$$$$$$$$$$$$$$$$$$$$                 Login_03       $$$$$$$$$$$$$$$$$$$$$$$$$ 
2016-03-08 17:52:06,812 INFO  [Log] **************************************************************************************** 
2016-03-08 17:52:06,812 INFO  [Log] **************************************************************************************** 
2016-03-08 17:52:06,812 INFO  [Log] Opening Browser 
2016-03-08 17:52:17,651 INFO  [Log] Mozilla browser started 
2016-03-08 17:52:23,824 INFO  [Log] Navigating to URL 
2016-03-08 17:52:26,463 INFO  [Log] Enter the text username 
2016-03-08 17:52:26,837 INFO  [Log] Enter the text username 
2016-03-08 17:52:27,616 INFO  [Log] Click on WebElementbtn_LogIn 
2016-03-08 17:52:34,924 INFO  [Log] Wait for 10 seconds 
2016-03-08 17:52:35,064 INFO  [Log] Click on WebElementbtn_options 
2016-03-08 17:52:35,457 INFO  [Log] Click on WebElementbtn_cockpit 
2016-03-08 17:52:36,190 INFO  [Log] Wait for 10 seconds 
2016-03-08 18:06:34,721 ERROR [Log] Class Utils | Method getCellData | Exception desc : null 
2016-03-08 18:06:34,721 INFO  [Log] **************************************************************************************** 
2016-03-08 18:06:34,721 INFO  [Log] **************************************************************************************** 
2016-03-08 18:06:34,721 INFO  [Log] $$$$$$$$$$$$$$$$$$$$$                 Login_03       $$$$$$$$$$$$$$$$$$$$$$$$$ 
2016-03-08 18:06:34,721 INFO  [Log] **************************************************************************************** 
2016-03-08 18:06:34,721 INFO  [Log] **************************************************************************************** 
2016-03-08 18:06:34,721 INFO  [Log] Opening Browser 
2016-03-08 18:06:44,865 INFO  [Log] Mozilla browser started 
2016-03-08 18:06:51,322 INFO  [Log] Navigating to URL 
2016-03-08 18:06:54,385 INFO  [Log] Enter the text username 
2016-03-08 18:06:54,779 INFO  [Log] Enter the text username 
2016-03-08 18:06:55,485 INFO  [Log] Click on WebElementbtn_LogIn 
2016-03-08 18:07:01,840 INFO  [Log] Wait for 10 seconds 
2016-03-08 18:07:02,043 INFO  [Log] Click on WebElementbtn_options 
2016-03-08 18:07:02,542 INFO  [Log] Click on WebElementbtn_cockpit 
2016-03-08 18:07:03,088 INFO  [Log] Wait for 10 seconds 
2016-03-08 18:10:23,738 ERROR [Log] Class Utils | Method getCellData | Exception desc : null 
2016-03-08 18:10:23,753 INFO  [Log] **************************************************************************************** 
2016-03-08 18:10:23,753 INFO  [Log] **************************************************************************************** 
2016-03-08 18:10:23,753 INFO  [Log] $$$$$$$$$$$$$$$$$$$$$                 Login_03       $$$$$$$$$$$$$$$$$$$$$$$$$ 
2016-03-08 18:10:23,753 INFO  [Log] **************************************************************************************** 
2016-03-08 18:10:23,753 INFO  [Log] **************************************************************************************** 
2016-03-08 18:10:23,753 INFO  [Log] Opening Browser 
2016-03-08 18:10:33,910 INFO  [Log] Mozilla browser started 
2016-03-08 18:10:35,803 INFO  [Log] Navigating to URL 
2016-03-08 18:10:42,227 INFO  [Log] Enter the text username 
2016-03-08 18:10:42,721 INFO  [Log] Enter the text username 
2016-03-08 18:10:43,369 INFO  [Log] Click on WebElementbtn_LogIn 
2016-03-08 18:10:50,501 INFO  [Log] Wait for 10 seconds 
2016-03-08 18:10:50,626 INFO  [Log] Click on WebElementbtn_options 
2016-03-08 18:10:51,047 INFO  [Log] Click on WebElementbtn_cockpit 
2016-03-08 18:10:51,749 INFO  [Log] Wait for 10 seconds 
2016-03-08 18:10:55,945 ERROR [Log] Class Utils | Method getCellData | Exception desc : null 
2016-03-08 18:10:55,945 ERROR [Log] Class Utils | Method getCellData | Exception desc : null 
2016-03-08 18:10:55,945 INFO  [Log] Wait for 10 seconds 
2016-03-08 18:10:56,039 INFO  [Log] Close Browser 
2016-03-08 18:10:57,444 INFO  [Log] XXXXXXXXXXXXXXXXXXXXXXX             -E---N---D-             XXXXXXXXXXXXXXXXXXXXXX 
2016-03-08 18:10:57,444 INFO  [Log] X 
2016-03-08 18:10:57,444 INFO  [Log] X 
2016-03-08 18:10:57,444 INFO  [Log] X 
2016-03-08 18:10:57,444 INFO  [Log] X 
2016-03-08 18:18:15,670 ERROR [Log] Class Utils | Method getCellData | Exception desc : null 
2016-03-08 18:18:15,671 INFO  [Log] **************************************************************************************** 
2016-03-08 18:18:15,671 INFO  [Log] **************************************************************************************** 
2016-03-08 18:18:15,671 INFO  [Log] $$$$$$$$$$$$$$$$$$$$$                 Login_03       $$$$$$$$$$$$$$$$$$$$$$$$$ 
2016-03-08 18:18:15,671 INFO  [Log] **************************************************************************************** 
2016-03-08 18:18:15,671 INFO  [Log] **************************************************************************************** 
2016-03-08 18:18:15,674 INFO  [Log] Opening Browser 
2016-03-08 18:18:27,520 INFO  [Log] Mozilla browser started 
2016-03-08 18:18:31,199 INFO  [Log] Navigating to URL 
2016-03-08 18:18:37,728 INFO  [Log] Enter the text username 
2016-03-08 18:18:38,176 INFO  [Log] Enter the text username 
2016-03-08 18:18:39,002 INFO  [Log] Click on WebElementbtn_LogIn 
2016-03-08 18:18:45,779 INFO  [Log] Wait for 10 seconds 
2016-03-08 18:18:45,935 INFO  [Log] Click on WebElementbtn_options 
2016-03-08 18:18:46,263 INFO  [Log] Click on WebElementbtn_cockpit 
2016-03-08 18:18:54,996 INFO  [Log] Wait for 10 seconds 
2016-03-08 18:18:59,090 INFO  [Log] Wait for 10 seconds 
2016-03-08 18:18:59,200 INFO  [Log] Click on WebElementselect_order 
2016-03-08 18:18:59,574 INFO  [Log] Wait for 10 seconds 
2016-03-08 18:19:00,250 INFO  [Log] Wait for 10 seconds 
2016-03-08 18:19:00,339 INFO  [Log] Click on WebElementbtn_Save 
2016-03-08 18:21:40,695 ERROR [Log] Class Utils | Method getCellData | Exception desc : null 
2016-03-08 18:21:40,695 INFO  [Log] **************************************************************************************** 
2016-03-08 18:21:40,695 INFO  [Log] **************************************************************************************** 
2016-03-08 18:21:40,695 INFO  [Log] $$$$$$$$$$$$$$$$$$$$$                 Login_03       $$$$$$$$$$$$$$$$$$$$$$$$$ 
2016-03-08 18:21:40,695 INFO  [Log] **************************************************************************************** 
2016-03-08 18:21:40,695 INFO  [Log] **************************************************************************************** 
2016-03-08 18:21:40,695 INFO  [Log] Opening Browser 
2016-03-08 18:21:51,210 INFO  [Log] Mozilla browser started 
2016-03-08 18:21:57,050 INFO  [Log] XXXXXXXXXXXXXXXXXXXXXXX             -E---N---D-             XXXXXXXXXXXXXXXXXXXXXX 
2016-03-08 18:21:57,050 INFO  [Log] X 
2016-03-08 18:21:57,050 INFO  [Log] X 
2016-03-08 18:21:57,050 INFO  [Log] X 
2016-03-08 18:21:57,050 INFO  [Log] X 
2016-03-08 18:22:11,926 ERROR [Log] Class Utils | Method getCellData | Exception desc : null 
2016-03-08 18:22:11,926 INFO  [Log] **************************************************************************************** 
2016-03-08 18:22:11,926 INFO  [Log] **************************************************************************************** 
2016-03-08 18:22:11,926 INFO  [Log] $$$$$$$$$$$$$$$$$$$$$                 Login_03       $$$$$$$$$$$$$$$$$$$$$$$$$ 
2016-03-08 18:22:11,926 INFO  [Log] **************************************************************************************** 
2016-03-08 18:22:11,926 INFO  [Log] **************************************************************************************** 
2016-03-08 18:22:11,926 INFO  [Log] Opening Browser 
2016-03-08 18:22:22,284 INFO  [Log] Mozilla browser started 
2016-03-08 18:22:24,292 INFO  [Log] Navigating to URL 
2016-03-08 18:22:30,848 INFO  [Log] Enter the text username 
2016-03-08 18:22:31,235 INFO  [Log] Enter the text username 
2016-03-08 18:22:31,992 INFO  [Log] Click on WebElementbtn_LogIn 
2016-03-08 18:22:38,569 INFO  [Log] Wait for 10 seconds 
2016-03-08 18:22:38,803 INFO  [Log] Click on WebElementbtn_options 
2016-03-08 18:22:39,333 INFO  [Log] Click on WebElementbtn_cockpit 
2016-03-08 18:22:39,988 INFO  [Log] Wait for 10 seconds 
2016-03-08 18:22:43,948 INFO  [Log] Wait for 10 seconds 
2016-03-08 18:22:44,072 INFO  [Log] Click on WebElementselect_order 
2016-03-08 18:22:44,369 INFO  [Log] Wait for 10 seconds 
2016-03-08 18:22:44,866 INFO  [Log] Wait for 10 seconds 
2016-03-08 18:22:44,968 INFO  [Log] Click on WebElementbtn_Save 
2016-03-08 18:25:14,834 ERROR [Log] Class Utils | Method getCellData | Exception desc : null 
2016-03-08 18:25:14,834 INFO  [Log] **************************************************************************************** 
2016-03-08 18:25:14,834 INFO  [Log] **************************************************************************************** 
2016-03-08 18:25:14,834 INFO  [Log] $$$$$$$$$$$$$$$$$$$$$                 Login_03       $$$$$$$$$$$$$$$$$$$$$$$$$ 
2016-03-08 18:25:14,834 INFO  [Log] **************************************************************************************** 
2016-03-08 18:25:14,834 INFO  [Log] **************************************************************************************** 
2016-03-08 18:25:14,850 INFO  [Log] Opening Browser 
2016-03-08 18:25:25,070 INFO  [Log] Mozilla browser started 
2016-03-08 18:25:32,862 INFO  [Log] Navigating to URL 
2016-03-08 18:25:36,523 INFO  [Log] Enter the text username 
2016-03-08 18:25:36,871 INFO  [Log] Enter the text username 
2016-03-08 18:25:37,713 INFO  [Log] Click on WebElementbtn_LogIn 
2016-03-08 18:25:44,465 INFO  [Log] Wait for 10 seconds 
2016-03-08 18:25:44,621 INFO  [Log] Click on WebElementbtn_options 
2016-03-08 18:25:44,948 INFO  [Log] Click on WebElementbtn_cockpit 
2016-03-08 18:25:45,593 INFO  [Log] Wait for 10 seconds 
2016-03-08 18:25:49,961 INFO  [Log] Wait for 10 seconds 
2016-03-08 18:25:50,039 INFO  [Log] Click on WebElementselect_order 
2016-03-08 18:25:50,320 INFO  [Log] Wait for 10 seconds 
2016-03-08 18:25:50,816 INFO  [Log] Wait for 10 seconds 
2016-03-08 18:25:50,939 INFO  [Log] Click on WebElementbtn_Save 
2016-03-08 18:27:23,659 ERROR [Log] Class Utils | Method getCellData | Exception desc : null 
2016-03-08 18:27:23,659 INFO  [Log] **************************************************************************************** 
2016-03-08 18:27:23,659 INFO  [Log] **************************************************************************************** 
2016-03-08 18:27:23,659 INFO  [Log] $$$$$$$$$$$$$$$$$$$$$                 Login_03       $$$$$$$$$$$$$$$$$$$$$$$$$ 
2016-03-08 18:27:23,659 INFO  [Log] **************************************************************************************** 
2016-03-08 18:27:23,659 INFO  [Log] **************************************************************************************** 
2016-03-08 18:27:23,675 INFO  [Log] Opening Browser 
2016-03-08 18:27:34,025 INFO  [Log] Mozilla browser started 
2016-03-08 18:27:41,540 INFO  [Log] XXXXXXXXXXXXXXXXXXXXXXX             -E---N---D-             XXXXXXXXXXXXXXXXXXXXXX 
2016-03-08 18:27:41,540 INFO  [Log] X 
2016-03-08 18:27:41,540 INFO  [Log] X 
2016-03-08 18:27:41,540 INFO  [Log] X 
2016-03-08 18:27:41,540 INFO  [Log] X 
2016-03-08 18:36:53,956 ERROR [Log] Class Utils | Method getCellData | Exception desc : null 
2016-03-08 18:36:53,956 INFO  [Log] **************************************************************************************** 
2016-03-08 18:36:53,956 INFO  [Log] **************************************************************************************** 
2016-03-08 18:36:53,956 INFO  [Log] $$$$$$$$$$$$$$$$$$$$$                 Login_03       $$$$$$$$$$$$$$$$$$$$$$$$$ 
2016-03-08 18:36:53,956 INFO  [Log] **************************************************************************************** 
2016-03-08 18:36:53,956 INFO  [Log] **************************************************************************************** 
2016-03-08 18:36:53,972 INFO  [Log] Opening Browser 
2016-03-08 18:37:04,162 INFO  [Log] Mozilla browser started 
2016-03-08 18:37:10,804 INFO  [Log] Navigating to URL 
2016-03-08 18:37:13,361 INFO  [Log] Enter the text username 
2016-03-08 18:37:13,850 INFO  [Log] Enter the text username 
2016-03-08 18:37:14,484 INFO  [Log] Click on WebElementbtn_LogIn 
2016-03-08 18:37:21,079 INFO  [Log] Wait for 10 seconds 
2016-03-08 18:37:21,235 INFO  [Log] Click on WebElementbtn_options 
2016-03-08 18:37:21,718 INFO  [Log] Click on WebElementbtn_cockpit 
2016-03-08 18:37:22,258 INFO  [Log] Wait for 10 seconds 
2016-03-08 18:37:26,161 INFO  [Log] Wait for 10 seconds 
2016-03-08 18:37:26,254 INFO  [Log] Click on WebElementselect_order 
2016-03-08 18:37:26,520 INFO  [Log] Wait for 10 seconds 
2016-03-08 18:37:27,094 INFO  [Log] Wait for 10 seconds 
2016-03-08 18:37:27,201 INFO  [Log] Click on WebElementbtn_Save 
2016-03-08 18:46:59,270 ERROR [Log] Class Utils | Method getCellData | Exception desc : null 
2016-03-08 18:46:59,270 INFO  [Log] **************************************************************************************** 
2016-03-08 18:46:59,270 INFO  [Log] **************************************************************************************** 
2016-03-08 18:46:59,270 INFO  [Log] $$$$$$$$$$$$$$$$$$$$$                 Login_03       $$$$$$$$$$$$$$$$$$$$$$$$$ 
2016-03-08 18:46:59,270 INFO  [Log] **************************************************************************************** 
2016-03-08 18:46:59,270 INFO  [Log] **************************************************************************************** 
2016-03-08 18:46:59,270 INFO  [Log] Opening Browser 
2016-03-08 18:47:09,319 INFO  [Log] Mozilla browser started 
2016-03-08 18:47:13,198 INFO  [Log] Navigating to URL 
2016-03-08 18:47:16,795 INFO  [Log] Enter the text username 
2016-03-08 18:55:48,769 ERROR [Log] Class Utils | Method getCellData | Exception desc : null 
2016-03-08 18:55:48,769 INFO  [Log] **************************************************************************************** 
2016-03-08 18:55:48,769 INFO  [Log] **************************************************************************************** 
2016-03-08 18:55:48,769 INFO  [Log] $$$$$$$$$$$$$$$$$$$$$                 Login_03       $$$$$$$$$$$$$$$$$$$$$$$$$ 
2016-03-08 18:55:48,769 INFO  [Log] **************************************************************************************** 
2016-03-08 18:55:48,769 INFO  [Log] **************************************************************************************** 
2016-03-08 18:55:48,769 INFO  [Log] Opening Browser 
2016-03-08 18:55:58,982 INFO  [Log] Mozilla browser started 
2016-03-08 18:56:05,881 INFO  [Log] Navigating to URL 
2016-03-08 18:56:08,601 INFO  [Log] Enter the text username 
2016-03-08 18:56:09,018 INFO  [Log] Enter the text username 
2016-03-08 18:56:09,892 INFO  [Log] Click on WebElementbtn_LogIn 
2016-03-08 18:56:17,635 INFO  [Log] Wait for 10 seconds 
2016-03-08 18:56:17,806 INFO  [Log] Click on WebElementbtn_options 
2016-03-08 18:56:18,181 INFO  [Log] Click on WebElementbtn_cockpit 
2016-03-08 18:56:18,774 INFO  [Log] Wait for 10 seconds 
2016-03-08 18:56:22,721 INFO  [Log] Click on WebElementbtn_orderType 
2016-03-08 18:56:23,871 INFO  [Log] Wait for 10 seconds 
2016-03-08 18:56:23,977 INFO  [Log] Click on WebElementselect_order 
2016-03-08 18:56:24,285 INFO  [Log] Wait for 10 seconds 
2016-03-08 18:56:24,522 INFO  [Log] Wait for 10 seconds 
2016-03-08 18:56:24,856 INFO  [Log] Click on WebElementbtn_Save 
2016-03-08 19:06:27,285 ERROR [Log] Class Utils | Method getCellData | Exception desc : null 
2016-03-08 19:06:27,285 INFO  [Log] **************************************************************************************** 
2016-03-08 19:06:27,285 INFO  [Log] **************************************************************************************** 
2016-03-08 19:06:27,285 INFO  [Log] $$$$$$$$$$$$$$$$$$$$$                 Login_03       $$$$$$$$$$$$$$$$$$$$$$$$$ 
2016-03-08 19:06:27,285 INFO  [Log] **************************************************************************************** 
2016-03-08 19:06:27,285 INFO  [Log] **************************************************************************************** 
2016-03-08 19:06:27,285 INFO  [Log] Opening Browser 
2016-03-08 19:06:37,902 INFO  [Log] Mozilla browser started 
2016-03-08 19:06:46,276 INFO  [Log] Navigating to URL 
2016-03-08 19:06:49,032 INFO  [Log] Enter the text username 
2016-03-08 19:06:49,483 INFO  [Log] Enter the text username 
2016-03-08 19:06:50,439 INFO  [Log] Click on WebElementbtn_LogIn 
2016-03-08 19:06:57,664 INFO  [Log] Wait for 10 seconds 
2016-03-08 19:06:57,836 INFO  [Log] Click on WebElementbtn_options 
2016-03-08 19:06:58,336 INFO  [Log] Click on WebElementbtn_cockpit 
2016-03-08 19:06:58,897 INFO  [Log] Wait for 10 seconds 
2016-03-08 19:07:03,640 INFO  [Log] Click on WebElementbtn_orderType 
2016-03-08 19:07:04,337 INFO  [Log] XXXXXXXXXXXXXXXXXXXXXXX             -E---N---D-             XXXXXXXXXXXXXXXXXXXXXX 
2016-03-08 19:07:04,337 INFO  [Log] X 
2016-03-08 19:07:04,337 INFO  [Log] X 
2016-03-08 19:07:04,337 INFO  [Log] X 
2016-03-08 19:07:04,337 INFO  [Log] X 
2016-03-08 19:29:37,867 ERROR [Log] Class Utils | Method getCellData | Exception desc : null 
2016-03-08 19:29:37,868 INFO  [Log] **************************************************************************************** 
2016-03-08 19:29:37,868 INFO  [Log] **************************************************************************************** 
2016-03-08 19:29:37,868 INFO  [Log] $$$$$$$$$$$$$$$$$$$$$                 Login_03       $$$$$$$$$$$$$$$$$$$$$$$$$ 
2016-03-08 19:29:37,869 INFO  [Log] **************************************************************************************** 
2016-03-08 19:29:37,869 INFO  [Log] **************************************************************************************** 
2016-03-08 19:29:37,871 INFO  [Log] Opening Browser 
2016-03-08 19:29:49,550 INFO  [Log] Mozilla browser started 
2016-03-08 19:29:56,169 INFO  [Log] XXXXXXXXXXXXXXXXXXXXXXX             -E---N---D-             XXXXXXXXXXXXXXXXXXXXXX 
2016-03-08 19:29:56,170 INFO  [Log] X 
2016-03-08 19:29:56,170 INFO  [Log] X 
2016-03-08 19:29:56,170 INFO  [Log] X 
2016-03-08 19:29:56,170 INFO  [Log] X 
2016-03-08 19:30:09,011 ERROR [Log] Class Utils | Method getCellData | Exception desc : null 
2016-03-08 19:30:09,012 INFO  [Log] **************************************************************************************** 
2016-03-08 19:30:09,012 INFO  [Log] **************************************************************************************** 
2016-03-08 19:30:09,012 INFO  [Log] $$$$$$$$$$$$$$$$$$$$$                 Login_03       $$$$$$$$$$$$$$$$$$$$$$$$$ 
2016-03-08 19:30:09,012 INFO  [Log] **************************************************************************************** 
2016-03-08 19:30:09,012 INFO  [Log] **************************************************************************************** 
2016-03-08 19:30:09,017 INFO  [Log] Opening Browser 
2016-03-08 19:30:19,955 INFO  [Log] Mozilla browser started 
2016-03-08 19:30:23,168 INFO  [Log] Navigating to URL 
2016-03-08 19:30:29,930 INFO  [Log] Enter the text username 
2016-03-08 19:30:30,372 INFO  [Log] Enter the text username 
2016-03-08 19:30:31,092 INFO  [Log] Click on WebElementbtn_LogIn 
2016-03-08 19:30:38,731 INFO  [Log] Wait for 10 seconds 
2016-03-08 19:30:38,890 INFO  [Log] Click on WebElementbtn_options 
2016-03-08 19:30:39,439 INFO  [Log] Click on WebElementbtn_cockpit 
2016-03-08 19:30:40,011 INFO  [Log] Wait for 10 seconds 
2016-03-08 19:30:44,509 INFO  [Log] Click on WebElementbtn_orderType 
2016-03-08 19:32:10,238 ERROR [Log] Class Utils | Method getCellData | Exception desc : null 
2016-03-08 19:32:10,238 INFO  [Log] **************************************************************************************** 
2016-03-08 19:32:10,239 INFO  [Log] **************************************************************************************** 
2016-03-08 19:32:10,239 INFO  [Log] $$$$$$$$$$$$$$$$$$$$$                 Login_03       $$$$$$$$$$$$$$$$$$$$$$$$$ 
2016-03-08 19:32:10,239 INFO  [Log] **************************************************************************************** 
2016-03-08 19:32:10,239 INFO  [Log] **************************************************************************************** 
2016-03-08 19:32:10,240 INFO  [Log] Opening Browser 
2016-03-08 19:32:21,329 INFO  [Log] Mozilla browser started 
2016-03-08 19:32:29,333 INFO  [Log] Navigating to URL 
2016-03-08 19:32:32,003 INFO  [Log] Enter the text username 
2016-03-08 19:32:32,547 INFO  [Log] Enter the text username 
2016-03-08 19:32:33,283 INFO  [Log] Click on WebElementbtn_LogIn 
2016-03-08 19:32:34,519 INFO  [Log] Wait for 10 seconds 
2016-03-08 19:32:34,650 INFO  [Log] Click on WebElementbtn_options 
2016-03-09 10:00:05,864 ERROR [Log] Class Utils | Method getCellData | Exception desc : null 
2016-03-09 10:00:05,905 INFO  [Log] **************************************************************************************** 
2016-03-09 10:00:05,905 INFO  [Log] **************************************************************************************** 
2016-03-09 10:00:05,905 INFO  [Log] $$$$$$$$$$$$$$$$$$$$$                 Login_03       $$$$$$$$$$$$$$$$$$$$$$$$$ 
2016-03-09 10:00:05,905 INFO  [Log] **************************************************************************************** 
2016-03-09 10:00:05,905 INFO  [Log] **************************************************************************************** 
2016-03-09 10:00:05,907 INFO  [Log] Opening Browser 
2016-03-09 10:00:24,423 INFO  [Log] Mozilla browser started 
2016-03-09 10:00:28,335 INFO  [Log] Navigating to URL 
2016-03-09 10:00:32,908 INFO  [Log] Enter the text username 
2016-03-09 10:00:33,343 INFO  [Log] Enter the text username 
2016-03-09 10:00:34,105 INFO  [Log] Click on WebElementbtn_LogIn 
2016-03-09 10:00:42,003 INFO  [Log] Wait for 10 seconds 
2016-03-09 10:00:42,186 INFO  [Log] Click on WebElementbtn_options 
2016-03-09 10:00:42,913 INFO  [Log] Click on WebElementbtn_cockpit 
2016-03-09 10:00:43,459 INFO  [Log] Wait for 10 seconds 
2016-03-09 10:00:47,768 INFO  [Log] Click on WebElementbtn_orderType 
2016-03-09 10:00:51,260 INFO  [Log] XXXXXXXXXXXXXXXXXXXXXXX             -E---N---D-             XXXXXXXXXXXXXXXXXXXXXX 
2016-03-09 10:00:51,261 INFO  [Log] X 
2016-03-09 10:00:51,261 INFO  [Log] X 
2016-03-09 10:00:51,261 INFO  [Log] X 
2016-03-09 10:00:51,261 INFO  [Log] X 
2016-03-09 10:11:29,235 ERROR [Log] Class Utils | Method getCellData | Exception desc : null 
2016-03-09 10:11:29,235 INFO  [Log] **************************************************************************************** 
2016-03-09 10:11:29,235 INFO  [Log] **************************************************************************************** 
2016-03-09 10:11:29,235 INFO  [Log] $$$$$$$$$$$$$$$$$$$$$                 Login_03       $$$$$$$$$$$$$$$$$$$$$$$$$ 
2016-03-09 10:11:29,235 INFO  [Log] **************************************************************************************** 
2016-03-09 10:11:29,235 INFO  [Log] **************************************************************************************** 
2016-03-09 10:11:29,235 INFO  [Log] Opening Browser 
2016-03-09 10:11:41,142 INFO  [Log] Mozilla browser started 
2016-03-09 10:11:43,824 INFO  [Log] Navigating to URL 
2016-03-09 10:11:51,372 INFO  [Log] Enter the text username 
2016-03-09 10:11:51,757 INFO  [Log] Enter the text username 
2016-03-09 10:11:52,689 INFO  [Log] Click on WebElementbtn_LogIn 
2016-03-09 10:12:00,240 INFO  [Log] Wait for 10 seconds 
2016-03-09 10:12:00,432 INFO  [Log] Click on WebElementbtn_options 
2016-03-09 10:12:00,853 INFO  [Log] Click on WebElementbtn_cockpit 
2016-03-09 10:12:01,475 INFO  [Log] Wait for 10 seconds 
2016-03-09 10:12:04,359 INFO  [Log] Click on WebElementbtn_orderType 
2016-03-09 10:12:09,336 ERROR [Log] Class Utils | Method getCellData | Exception desc : null 
2016-03-09 10:12:09,336 INFO  [Log] Click on WebElementselect_order 
2016-03-09 10:12:09,686 INFO  [Log] Close Browser 
2016-03-09 10:12:12,189 INFO  [Log] XXXXXXXXXXXXXXXXXXXXXXX             -E---N---D-             XXXXXXXXXXXXXXXXXXXXXX 
2016-03-09 10:12:12,189 INFO  [Log] X 
2016-03-09 10:12:12,189 INFO  [Log] X 
2016-03-09 10:12:12,189 INFO  [Log] X 
2016-03-09 10:12:12,189 INFO  [Log] X 
2016-03-09 10:12:43,507 ERROR [Log] Class Utils | Method getCellData | Exception desc : null 
2016-03-09 10:12:43,507 INFO  [Log] **************************************************************************************** 
2016-03-09 10:12:43,507 INFO  [Log] **************************************************************************************** 
2016-03-09 10:12:43,507 INFO  [Log] $$$$$$$$$$$$$$$$$$$$$                 Login_03       $$$$$$$$$$$$$$$$$$$$$$$$$ 
2016-03-09 10:12:43,507 INFO  [Log] **************************************************************************************** 
2016-03-09 10:12:43,507 INFO  [Log] **************************************************************************************** 
2016-03-09 10:12:43,507 INFO  [Log] Opening Browser 
2016-03-09 10:12:54,202 INFO  [Log] Mozilla browser started 
2016-03-09 10:12:56,819 INFO  [Log] Navigating to URL 
2016-03-09 10:12:58,034 INFO  [Log] Enter the text username 
2016-03-09 10:13:00,688 INFO  [Log] Enter the text username 
2016-03-09 10:13:01,334 INFO  [Log] Click on WebElementbtn_LogIn 
2016-03-09 10:13:09,295 INFO  [Log] Wait for 10 seconds 
2016-03-09 10:13:09,456 INFO  [Log] Click on WebElementbtn_options 
2016-03-09 10:13:09,916 INFO  [Log] Click on WebElementbtn_cockpit 
2016-03-09 10:13:10,533 INFO  [Log] Wait for 10 seconds 
2016-03-09 10:13:15,411 INFO  [Log] Click on WebElementbtn_orderType 
2016-03-09 10:13:18,619 ERROR [Log] Class Utils | Method getCellData | Exception desc : null 
2016-03-09 10:13:18,619 INFO  [Log] Click on WebElementselect_order 
2016-03-09 10:13:18,951 INFO  [Log] Close Browser 
2016-03-09 10:13:20,125 INFO  [Log] XXXXXXXXXXXXXXXXXXXXXXX             -E---N---D-             XXXXXXXXXXXXXXXXXXXXXX 
2016-03-09 10:13:20,125 INFO  [Log] X 
2016-03-09 10:13:20,125 INFO  [Log] X 
2016-03-09 10:13:20,125 INFO  [Log] X 
2016-03-09 10:13:20,125 INFO  [Log] X 
2016-03-09 10:15:36,683 ERROR [Log] Class Utils | Method getCellData | Exception desc : null 
2016-03-09 10:15:36,683 INFO  [Log] **************************************************************************************** 
2016-03-09 10:15:36,683 INFO  [Log] **************************************************************************************** 
2016-03-09 10:15:36,683 INFO  [Log] $$$$$$$$$$$$$$$$$$$$$                 Login_03       $$$$$$$$$$$$$$$$$$$$$$$$$ 
2016-03-09 10:15:36,683 INFO  [Log] **************************************************************************************** 
2016-03-09 10:15:36,683 INFO  [Log] **************************************************************************************** 
2016-03-09 10:15:36,683 INFO  [Log] Opening Browser 
2016-03-09 10:15:47,524 INFO  [Log] Mozilla browser started 
2016-03-09 10:15:54,783 INFO  [Log] Navigating to URL 
2016-03-09 10:15:57,563 INFO  [Log] Enter the text username 
2016-03-09 10:15:58,014 INFO  [Log] Enter the text username 
2016-03-09 10:15:58,755 INFO  [Log] Click on WebElementbtn_LogIn 
2016-03-09 10:16:06,313 INFO  [Log] Wait for 10 seconds 
2016-03-09 10:16:06,695 INFO  [Log] Click on WebElementbtn_options 
2016-03-09 10:16:07,462 INFO  [Log] Click on WebElementbtn_cockpit 
2016-03-09 10:16:08,209 INFO  [Log] Wait for 10 seconds 
2016-03-09 10:16:12,111 INFO  [Log] Click on WebElementbtn_orderType 
2016-03-09 10:16:14,421 INFO  [Log] Wait for 10 seconds 
2016-03-09 10:16:17,601 ERROR [Log] Class Utils | Method getCellData | Exception desc : null 
2016-03-09 10:16:17,601 INFO  [Log] Click on WebElementselect_order 
2016-03-09 10:16:18,074 INFO  [Log] Close Browser 
2016-03-09 10:16:19,967 INFO  [Log] XXXXXXXXXXXXXXXXXXXXXXX             -E---N---D-             XXXXXXXXXXXXXXXXXXXXXX 
2016-03-09 10:16:19,967 INFO  [Log] X 
2016-03-09 10:16:19,967 INFO  [Log] X 
2016-03-09 10:16:19,967 INFO  [Log] X 
2016-03-09 10:16:19,967 INFO  [Log] X 
2016-03-09 10:21:48,269 ERROR [Log] Class Utils | Method getCellData | Exception desc : null 
2016-03-09 10:21:48,269 INFO  [Log] **************************************************************************************** 
2016-03-09 10:21:48,269 INFO  [Log] **************************************************************************************** 
2016-03-09 10:21:48,269 INFO  [Log] $$$$$$$$$$$$$$$$$$$$$                 Login_03       $$$$$$$$$$$$$$$$$$$$$$$$$ 
2016-03-09 10:21:48,269 INFO  [Log] **************************************************************************************** 
2016-03-09 10:21:48,269 INFO  [Log] **************************************************************************************** 
2016-03-09 10:22:00,515 INFO  [Log] Opening Browser 
2016-03-09 10:22:15,489 INFO  [Log] Mozilla browser started 
2016-03-09 10:22:31,087 INFO  [Log] Navigating to URL 
2016-03-09 10:22:40,933 INFO  [Log] Enter the text username 
2016-03-09 10:22:54,946 INFO  [Log] Enter the text username 
2016-03-09 10:23:10,082 INFO  [Log] Click on WebElementbtn_LogIn 
2016-03-09 10:23:36,888 INFO  [Log] Wait for 10 seconds 
2016-03-09 10:23:44,956 INFO  [Log] Click on WebElementbtn_options 
2016-03-09 10:24:03,627 INFO  [Log] Click on WebElementbtn_cockpit 
2016-03-09 10:24:18,124 INFO  [Log] Wait for 10 seconds 
2016-03-09 10:24:36,397 INFO  [Log] Click on WebElementbtn_orderType 
2016-03-09 10:24:52,724 INFO  [Log] Wait for 10 seconds 
2016-03-09 10:25:45,958 ERROR [Log] Class Utils | Method getCellData | Exception desc : null 
2016-03-09 10:26:10,214 INFO  [Log] Click on WebElementselect_order 
2016-03-09 10:26:28,705 INFO  [Log] Close Browser 
2016-03-09 10:27:55,857 ERROR [Log] Class Utils | Method getCellData | Exception desc : null 
2016-03-09 10:27:55,857 INFO  [Log] **************************************************************************************** 
2016-03-09 10:27:55,857 INFO  [Log] **************************************************************************************** 
2016-03-09 10:27:55,857 INFO  [Log] $$$$$$$$$$$$$$$$$$$$$                 Login_03       $$$$$$$$$$$$$$$$$$$$$$$$$ 
2016-03-09 10:27:55,857 INFO  [Log] **************************************************************************************** 
2016-03-09 10:27:55,857 INFO  [Log] **************************************************************************************** 
2016-03-09 10:27:55,857 INFO  [Log] Opening Browser 
2016-03-09 10:28:07,022 INFO  [Log] Mozilla browser started 
2016-03-09 10:28:14,237 INFO  [Log] Navigating to URL 
2016-03-09 10:28:16,923 INFO  [Log] Enter the text username 
2016-03-09 10:28:17,362 INFO  [Log] Enter the text username 
2016-03-09 10:28:18,197 INFO  [Log] Click on WebElementbtn_LogIn 
2016-03-09 10:28:26,186 INFO  [Log] Wait for 10 seconds 
2016-03-09 10:28:26,399 INFO  [Log] Click on WebElementbtn_options 
2016-03-09 10:28:26,979 INFO  [Log] Click on WebElementbtn_cockpit 
2016-03-09 10:28:27,877 INFO  [Log] Wait for 10 seconds 
2016-03-09 10:28:31,611 INFO  [Log] Click on WebElementbtn_orderType 
2016-03-09 10:28:33,759 INFO  [Log] Wait for 10 seconds 
2016-03-09 10:28:37,237 ERROR [Log] Class Utils | Method getCellData | Exception desc : null 
2016-03-09 10:28:37,237 INFO  [Log] Click on WebElementselect_order 
2016-03-09 10:28:37,669 INFO  [Log] Close Browser 
2016-03-09 10:28:39,775 INFO  [Log] XXXXXXXXXXXXXXXXXXXXXXX             -E---N---D-             XXXXXXXXXXXXXXXXXXXXXX 
2016-03-09 10:28:39,775 INFO  [Log] X 
2016-03-09 10:28:39,775 INFO  [Log] X 
2016-03-09 10:28:39,775 INFO  [Log] X 
2016-03-09 10:28:39,775 INFO  [Log] X 
2016-03-09 10:29:46,524 ERROR [Log] Class Utils | Method getCellData | Exception desc : null 
2016-03-09 10:29:46,524 INFO  [Log] **************************************************************************************** 
2016-03-09 10:29:46,524 INFO  [Log] **************************************************************************************** 
2016-03-09 10:29:46,524 INFO  [Log] $$$$$$$$$$$$$$$$$$$$$                 Login_03       $$$$$$$$$$$$$$$$$$$$$$$$$ 
2016-03-09 10:29:46,524 INFO  [Log] **************************************************************************************** 
2016-03-09 10:29:46,524 INFO  [Log] **************************************************************************************** 
2016-03-09 10:29:46,524 INFO  [Log] Opening Browser 
2016-03-09 10:29:55,549 INFO  [Log] Chrome browser started 
2016-03-09 10:29:55,849 INFO  [Log] Navigating to URL 
2016-03-09 10:29:59,228 INFO  [Log] Enter the text username 
2016-03-09 10:29:59,546 INFO  [Log] Enter the text username 
2016-03-09 10:29:59,890 INFO  [Log] Click on WebElementbtn_LogIn 
2016-03-09 10:30:00,205 INFO  [Log] Wait for 10 seconds 
2016-03-09 10:30:00,521 INFO  [Log] Click on WebElementbtn_options 
2016-03-09 10:30:06,470 INFO  [Log] Click on WebElementbtn_cockpit 
2016-03-09 10:30:52,394 ERROR [Log] Class Utils | Method getCellData | Exception desc : null 
2016-03-09 10:30:52,394 INFO  [Log] **************************************************************************************** 
2016-03-09 10:30:52,394 INFO  [Log] **************************************************************************************** 
2016-03-09 10:30:52,394 INFO  [Log] $$$$$$$$$$$$$$$$$$$$$                 Login_03       $$$$$$$$$$$$$$$$$$$$$$$$$ 
2016-03-09 10:30:52,394 INFO  [Log] **************************************************************************************** 
2016-03-09 10:30:52,394 INFO  [Log] **************************************************************************************** 
2016-03-09 10:30:52,394 INFO  [Log] Opening Browser 
2016-03-09 10:31:02,926 INFO  [Log] Mozilla browser started 
2016-03-09 10:31:11,789 INFO  [Log] Navigating to URL 
2016-03-09 10:31:14,509 INFO  [Log] Enter the text username 
2016-03-09 10:31:14,918 INFO  [Log] Enter the text username 
2016-03-09 10:31:15,676 INFO  [Log] Click on WebElementbtn_LogIn 
2016-03-09 10:31:22,939 INFO  [Log] Wait for 10 seconds 
2016-03-09 10:31:23,100 INFO  [Log] Click on WebElementbtn_options 
2016-03-09 10:31:23,523 INFO  [Log] Click on WebElementbtn_cockpit 
2016-03-09 10:31:24,119 INFO  [Log] Wait for 10 seconds 
2016-03-09 10:31:29,608 INFO  [Log] Click on WebElementbtn_orderType 
2016-03-09 10:31:30,112 INFO  [Log] Wait for 10 seconds 
2016-03-09 10:31:33,703 INFO  [Log] Click on WebElementselect_1st_order 
2016-03-09 10:31:34,120 INFO  [Log] Wait for 10 seconds 
2016-03-09 10:31:34,397 INFO  [Log] Click on WebElementselect_orderStatus 
2016-03-09 10:31:38,267 INFO  [Log] Click on WebElementbtn_Save 
2016-03-09 10:31:39,730 INFO  [Log] Wait for 10 seconds 
2016-03-09 10:31:59,958 INFO  [Log] Click on WebElementbtn_Save 
2016-03-09 10:36:05,216 ERROR [Log] Class Utils | Method getCellData | Exception desc : null 
2016-03-09 10:36:05,216 INFO  [Log] **************************************************************************************** 
2016-03-09 10:36:05,216 INFO  [Log] **************************************************************************************** 
2016-03-09 10:36:05,216 INFO  [Log] $$$$$$$$$$$$$$$$$$$$$                 Login_03       $$$$$$$$$$$$$$$$$$$$$$$$$ 
2016-03-09 10:36:05,216 INFO  [Log] **************************************************************************************** 
2016-03-09 10:36:05,216 INFO  [Log] **************************************************************************************** 
2016-03-09 10:36:05,216 INFO  [Log] Opening Browser 
2016-03-09 10:36:16,417 INFO  [Log] Mozilla browser started 
2016-03-09 10:36:21,379 INFO  [Log] Navigating to URL 
2016-03-09 10:36:28,106 INFO  [Log] Enter the text username 
2016-03-09 10:36:28,560 INFO  [Log] Enter the text username 
2016-03-09 10:36:29,279 INFO  [Log] Click on WebElementbtn_LogIn 
2016-03-09 10:36:43,078 INFO  [Log] Wait for 10 seconds 
2016-03-09 10:36:43,631 INFO  [Log] Click on WebElementbtn_options 
2016-03-09 10:36:44,234 INFO  [Log] Click on WebElementbtn_cockpit 
2016-03-09 10:36:45,072 INFO  [Log] Wait for 10 seconds 
2016-03-09 10:36:51,230 INFO  [Log] Click on WebElementbtn_orderType 
2016-03-09 10:36:51,873 INFO  [Log] Wait for 10 seconds 
2016-03-09 10:36:55,025 INFO  [Log] Click on WebElementselect_1st_order 
2016-03-09 10:36:55,394 INFO  [Log] Wait for 10 seconds 
2016-03-09 10:36:55,950 INFO  [Log] Click on WebElementselect_orderStatus 
2016-03-09 10:36:59,378 INFO  [Log] Click on WebElementbtn_Save 
2016-03-09 10:37:00,598 INFO  [Log] Wait for 10 seconds 
2016-03-09 10:37:00,729 INFO  [Log] Click on WebElementselect_orderStatus 
2016-03-09 10:37:04,631 INFO  [Log] Click on WebElementbtn_Save 
2016-03-09 10:37:05,729 INFO  [Log] XXXXXXXXXXXXXXXXXXXXXXX             -E---N---D-             XXXXXXXXXXXXXXXXXXXXXX 
2016-03-09 10:37:05,729 INFO  [Log] X 
2016-03-09 10:37:05,729 INFO  [Log] X 
2016-03-09 10:37:05,729 INFO  [Log] X 
2016-03-09 10:37:05,729 INFO  [Log] X 
2016-03-09 10:39:10,152 ERROR [Log] Class Utils | Method getCellData | Exception desc : null 
2016-03-09 10:39:10,152 INFO  [Log] **************************************************************************************** 
2016-03-09 10:39:10,152 INFO  [Log] **************************************************************************************** 
2016-03-09 10:39:10,152 INFO  [Log] $$$$$$$$$$$$$$$$$$$$$                 Login_03       $$$$$$$$$$$$$$$$$$$$$$$$$ 
2016-03-09 10:39:10,152 INFO  [Log] **************************************************************************************** 
2016-03-09 10:39:10,152 INFO  [Log] **************************************************************************************** 
2016-03-09 10:39:10,152 INFO  [Log] Opening Browser 
2016-03-09 10:39:22,375 INFO  [Log] Mozilla browser started 
2016-03-09 10:39:29,004 INFO  [Log] Navigating to URL 
2016-03-09 10:39:31,845 INFO  [Log] Enter the text username 
2016-03-09 10:39:32,381 INFO  [Log] Enter the text username 
2016-03-09 10:39:33,403 INFO  [Log] Click on WebElementbtn_LogIn 
2016-03-09 10:39:41,482 INFO  [Log] Wait for 10 seconds 
2016-03-09 10:39:41,868 INFO  [Log] Click on WebElementbtn_options 
2016-03-09 10:39:42,875 INFO  [Log] Click on WebElementbtn_cockpit 
2016-03-09 10:39:43,574 INFO  [Log] Wait for 10 seconds 
2016-03-09 10:39:49,598 INFO  [Log] Click on WebElementbtn_orderType 
2016-03-09 10:39:50,133 INFO  [Log] Wait for 10 seconds 
2016-03-09 10:39:53,861 INFO  [Log] Click on WebElementselect_1st_order 
2016-03-09 10:39:54,249 INFO  [Log] Wait for 10 seconds 
2016-03-09 10:39:54,375 INFO  [Log] Click on WebElementselect_orderStatus 
2016-03-09 10:39:58,115 INFO  [Log] Click on WebElementbtn_Save 
2016-03-09 10:39:59,452 INFO  [Log] Wait for 10 seconds 
2016-03-09 10:39:59,640 INFO  [Log] Click on WebElementselect_orderStatus 
2016-03-09 10:40:03,198 INFO  [Log] Click on WebElementbtn_Save 
2016-03-09 10:40:04,502 INFO  [Log] Click on WebElementbtn_options 
2016-03-09 10:40:05,065 ERROR [Log] Class Utils | Method getCellData | Exception desc : null 
2016-03-09 10:40:05,065 INFO  [Log] Click on WebElementbtn_Logout 
2016-03-09 10:40:07,988 INFO  [Log] Close Browser 
2016-03-09 10:40:09,774 INFO  [Log] XXXXXXXXXXXXXXXXXXXXXXX             -E---N---D-             XXXXXXXXXXXXXXXXXXXXXX 
2016-03-09 10:40:09,774 INFO  [Log] X 
2016-03-09 10:40:09,774 INFO  [Log] X 
2016-03-09 10:40:09,774 INFO  [Log] X 
2016-03-09 10:40:09,774 INFO  [Log] X 
2016-03-09 10:40:49,910 ERROR [Log] Class Utils | Method getCellData | Exception desc : null 
2016-03-09 10:40:49,910 INFO  [Log] **************************************************************************************** 
2016-03-09 10:40:49,910 INFO  [Log] **************************************************************************************** 
2016-03-09 10:40:49,910 INFO  [Log] $$$$$$$$$$$$$$$$$$$$$                 Login_03       $$$$$$$$$$$$$$$$$$$$$$$$$ 
2016-03-09 10:40:49,910 INFO  [Log] **************************************************************************************** 
2016-03-09 10:40:49,920 INFO  [Log] **************************************************************************************** 
2016-03-09 10:40:49,922 INFO  [Log] Opening Browser 
2016-03-09 10:41:01,027 INFO  [Log] Mozilla browser started 
2016-03-09 10:41:07,571 INFO  [Log] XXXXXXXXXXXXXXXXXXXXXXX             -E---N---D-             XXXXXXXXXXXXXXXXXXXXXX 
2016-03-09 10:41:07,571 INFO  [Log] X 
2016-03-09 10:41:07,571 INFO  [Log] X 
2016-03-09 10:41:07,571 INFO  [Log] X 
2016-03-09 10:41:07,572 INFO  [Log] X 
2016-03-09 10:41:30,270 ERROR [Log] Class Utils | Method getCellData | Exception desc : null 
2016-03-09 10:41:30,270 INFO  [Log] **************************************************************************************** 
2016-03-09 10:41:30,270 INFO  [Log] **************************************************************************************** 
2016-03-09 10:41:30,270 INFO  [Log] $$$$$$$$$$$$$$$$$$$$$                 Login_03       $$$$$$$$$$$$$$$$$$$$$$$$$ 
2016-03-09 10:41:30,270 INFO  [Log] **************************************************************************************** 
2016-03-09 10:41:30,270 INFO  [Log] **************************************************************************************** 
2016-03-09 10:41:30,280 INFO  [Log] Opening Browser 
2016-03-09 10:41:41,681 INFO  [Log] Mozilla browser started 
2016-03-09 10:41:48,635 INFO  [Log] Navigating to URL 
2016-03-09 10:41:51,315 INFO  [Log] Enter the text username 
2016-03-09 10:41:51,750 INFO  [Log] Enter the text username 
2016-03-09 10:41:52,477 INFO  [Log] Click on WebElementbtn_LogIn 
2016-03-09 10:42:00,771 INFO  [Log] Wait for 10 seconds 
2016-03-09 10:42:01,008 INFO  [Log] Click on WebElementbtn_options 
2016-03-09 10:42:01,720 INFO  [Log] Click on WebElementbtn_cockpit 
2016-03-09 10:42:02,404 INFO  [Log] Wait for 10 seconds 
2016-03-09 10:42:08,553 INFO  [Log] Click on WebElementbtn_orderType 
2016-03-09 10:42:09,302 INFO  [Log] Wait for 10 seconds 
2016-03-09 10:42:12,496 INFO  [Log] Click on WebElementselect_1st_order 
2016-03-09 10:42:12,901 INFO  [Log] Wait for 10 seconds 
2016-03-09 10:42:13,121 INFO  [Log] Click on WebElementselect_orderStatus 
2016-03-09 10:42:16,890 INFO  [Log] Click on WebElementbtn_Save 
2016-03-09 10:42:18,213 INFO  [Log] Wait for 10 seconds 
2016-03-09 10:42:18,392 INFO  [Log] Click on WebElementselect_orderStatus 
2016-03-09 10:42:22,131 INFO  [Log] Click on WebElementbtn_Save 
2016-03-09 10:42:23,387 INFO  [Log] Click on WebElementbtn_options 
2016-03-09 10:42:23,959 ERROR [Log] Class Utils | Method getCellData | Exception desc : null 
2016-03-09 10:42:23,959 INFO  [Log] Click on WebElementbtn_Logout 
2016-03-09 10:50:37,589 ERROR [Log] Class Utils | Method getCellData | Exception desc : null 
2016-03-09 10:50:37,589 INFO  [Log] **************************************************************************************** 
2016-03-09 10:50:37,589 INFO  [Log] **************************************************************************************** 
2016-03-09 10:50:37,599 INFO  [Log] $$$$$$$$$$$$$$$$$$$$$                 Login_03       $$$$$$$$$$$$$$$$$$$$$$$$$ 
2016-03-09 10:50:37,599 INFO  [Log] **************************************************************************************** 
2016-03-09 10:50:37,599 INFO  [Log] **************************************************************************************** 
2016-03-09 10:50:37,599 INFO  [Log] Opening Browser 
2016-03-09 10:50:48,985 INFO  [Log] Mozilla browser started 
2016-03-09 10:50:56,000 INFO  [Log] Navigating to URL 
2016-03-09 10:50:58,814 INFO  [Log] Enter the text username 
2016-03-09 10:50:59,449 INFO  [Log] Enter the text username 
2016-03-09 10:50:59,993 INFO  [Log] Click on WebElementbtn_LogIn 
2016-03-09 10:51:08,087 INFO  [Log] Wait for 10 seconds 
2016-03-09 10:51:08,317 INFO  [Log] Click on WebElementbtn_options 
2016-03-09 10:51:08,878 INFO  [Log] Click on WebElementbtn_cockpit 
2016-03-09 10:51:09,669 INFO  [Log] Wait for 10 seconds 
2016-03-09 10:51:14,246 INFO  [Log] Click on WebElementbtn_orderType 
2016-03-09 10:51:16,060 INFO  [Log] Wait for 10 seconds 
2016-03-09 10:51:19,557 INFO  [Log] Click on WebElementselect_1st_order 
2016-03-09 10:51:20,019 INFO  [Log] Wait for 10 seconds 
2016-03-09 10:51:20,593 INFO  [Log] Click on WebElementselect_orderStatus 
2016-03-09 10:51:23,859 INFO  [Log] Click on WebElementbtn_Save 
2016-03-09 10:51:25,056 INFO  [Log] Refresh Page 
2016-03-09 10:51:34,419 INFO  [Log] Wait for 10 seconds 
2016-03-09 10:51:34,615 INFO  [Log] Click on WebElementselect_orderStatus 
2016-03-09 10:52:36,225 ERROR [Log] Class Utils | Method getCellData | Exception desc : null 
2016-03-09 10:52:36,225 INFO  [Log] **************************************************************************************** 
2016-03-09 10:52:36,225 INFO  [Log] **************************************************************************************** 
2016-03-09 10:52:36,225 INFO  [Log] $$$$$$$$$$$$$$$$$$$$$                 Login_03       $$$$$$$$$$$$$$$$$$$$$$$$$ 
2016-03-09 10:52:36,226 INFO  [Log] **************************************************************************************** 
2016-03-09 10:52:36,226 INFO  [Log] **************************************************************************************** 
2016-03-09 10:52:36,227 INFO  [Log] Opening Browser 
2016-03-09 10:52:48,350 INFO  [Log] Mozilla browser started 
2016-03-09 10:52:52,481 INFO  [Log] Navigating to URL 
2016-03-09 10:52:58,197 INFO  [Log] Enter the text username 
2016-03-09 10:52:58,621 INFO  [Log] Enter the text username 
2016-03-09 10:52:59,422 INFO  [Log] Click on WebElementbtn_LogIn 
2016-03-09 10:53:08,585 INFO  [Log] Wait for 10 seconds 
2016-03-09 10:53:08,864 INFO  [Log] Click on WebElementbtn_options 
2016-03-09 10:53:09,312 INFO  [Log] Click on WebElementbtn_cockpit 
2016-03-09 10:53:10,157 INFO  [Log] Wait for 10 seconds 
2016-03-09 10:53:14,485 INFO  [Log] Click on WebElementbtn_orderType 
2016-03-09 10:53:17,047 INFO  [Log] Wait for 10 seconds 
2016-03-09 10:53:20,961 INFO  [Log] Click on WebElementselect_1st_order 
2016-03-09 10:53:21,433 INFO  [Log] Wait for 10 seconds 
2016-03-09 10:53:21,572 INFO  [Log] Click on WebElementselect_orderStatus 
2016-03-09 10:53:25,345 INFO  [Log] Click on WebElementbtn_Save 
2016-03-09 10:53:26,706 INFO  [Log] Wait for 10 seconds 
2016-03-09 10:53:26,842 INFO  [Log] Click on WebElementselect_orderStatus 
2016-03-09 10:53:30,463 INFO  [Log] Click on WebElementbtn_Save 
2016-03-09 10:53:31,629 INFO  [Log] Click on WebElementbtn_options 
2016-03-09 10:53:32,358 INFO  [Log] Click on WebElementbtn_Logout 
2016-03-09 10:53:33,448 INFO  [Log] XXXXXXXXXXXXXXXXXXXXXXX             -E---N---D-             XXXXXXXXXXXXXXXXXXXXXX 
2016-03-09 10:53:33,448 INFO  [Log] X 
2016-03-09 10:53:33,448 INFO  [Log] X 
2016-03-09 10:53:33,448 INFO  [Log] X 
2016-03-09 10:53:33,448 INFO  [Log] X 
2016-03-13 19:41:16,690 ERROR [Log] Class Utils | Method getCellData | Exception desc : null 
2016-03-13 19:41:16,700 INFO  [Log] **************************************************************************************** 
2016-03-13 19:41:16,700 INFO  [Log] **************************************************************************************** 
2016-03-13 19:41:16,700 INFO  [Log] $$$$$$$$$$$$$$$$$$$$$                 Login_01       $$$$$$$$$$$$$$$$$$$$$$$$$ 
2016-03-13 19:41:16,700 INFO  [Log] **************************************************************************************** 
2016-03-13 19:41:16,700 INFO  [Log] **************************************************************************************** 
2016-03-13 19:41:16,702 INFO  [Log] Opening Browser 
2016-03-13 19:41:39,545 INFO  [Log] Mozilla browser started 
2016-03-13 19:41:47,663 INFO  [Log] Navigating to URL 
2016-03-13 19:41:51,170 INFO  [Log] Enter the text username 
2016-03-13 19:41:52,137 INFO  [Log] Enter the text username 
2016-03-13 19:41:53,168 INFO  [Log] Click on WebElementbtn_LogIn 
2016-03-13 19:42:02,068 INFO  [Log] Wait for 10 seconds 
2016-03-13 19:42:02,211 INFO  [Log] Click on WebElementbtn_options 
2016-03-13 19:42:03,421 INFO  [Log] Click on WebElementbtn_cockpit 
2016-03-13 19:42:04,356 INFO  [Log] Wait for 10 seconds 
2016-03-13 19:42:10,008 INFO  [Log] Click on WebElementbtn_orderType 
2016-03-13 19:42:10,622 INFO  [Log] Wait for 10 seconds 
2016-03-13 19:42:13,730 INFO  [Log] Click on WebElementselect_1st_order 
2016-03-13 19:42:14,168 INFO  [Log] Wait for 10 seconds 
2016-03-13 19:42:14,293 INFO  [Log] Click on WebElementselect_orderStatus 
2016-03-13 19:42:18,028 INFO  [Log] Click on WebElementbtn_Save 
2016-03-13 19:42:19,587 INFO  [Log] Wait for 10 seconds 
2016-03-13 19:42:19,937 INFO  [Log] Click on WebElementselect_orderStatus 
2016-03-13 19:42:23,793 INFO  [Log] Click on WebElementbtn_Save 
2016-03-13 19:42:24,745 INFO  [Log] Click on WebElementbtn_options 
2016-03-13 19:42:25,429 INFO  [Log] Click on WebElementbtn_Logout 
2016-03-13 19:42:26,340 INFO  [Log] XXXXXXXXXXXXXXXXXXXXXXX             -E---N---D-             XXXXXXXXXXXXXXXXXXXXXX 
2016-03-13 19:42:26,340 INFO  [Log] X 
2016-03-13 19:42:26,340 INFO  [Log] X 
2016-03-13 19:42:26,340 INFO  [Log] X 
2016-03-13 19:42:26,340 INFO  [Log] X 
